[2846][1555765052753][main][info]["Booting Postman 6.7.2, linux-4.18.16-arch1-1-ARCH on x64"]
[2846][1555765052762][main][info]["EventBus\\x7einitialize - Success"]
[2846][1555765052779][main][info]["UpdateHandler\\x7einit - Success"]
[2846][1555765052782][main][info]["RuntimeExecutionService\\x7einitialized: Success"]
[2846][1555765053100][main][info]["ProtocolHandler\\x7einit - Success with status: false]"]
[2846][1555765053144][main][info]["PluginHost - Booted for 1th time"]
[2846][1555765057764][main][info]["Bootstrap-models\\x7ebootstrap - Success"]
[2941][1555765057887][main][info]["Booting Postman 6.7.2, linux-4.18.16-arch1-1-ARCH on x64"]
[2941][1555765057894][main][info]["EventBus\\x7einitialize - Success"]
[2941][1555765057899][main][info]["UpdateHandler\\x7einit - Success"]
[2941][1555765057901][main][info]["RuntimeExecutionService\\x7einitialized: Success"]
[2941][1555765059027][main][info]["ProtocolHandler\\x7einit - Success with status: false]"]
[2846][1555765065174][main][info]["Main\\x7eAppEvents - Received booted event for process shared"]
[2846][1555765068719][main][info]["UpdateHandler\\x7eapp-update-events - Received event",{"name":"checkForElectronVersionUpdated","namespace":"appUpdate"}]
[2846][1555765068722][main][info]["Main\\x7eAppEvents - Received booted event for process requester"]
[2846][1555765080132][main][info]["UpdateHandler\\x7eapp-update-events - Received event",{"data":{"additionalParamsString":"installationId=c322a0a6-8aa6-4535-8d69-18fcd50c6857&userId=0&syncEnabled=false&teamPlan=","appId":"c322a0a6-8aa6-4535-8d69-18fcd50c6857","arch":"64","channel":"prod","downloadURL":"https://dl.pstmn.io/download/version/6.7.4/linux_64","platform":"LINUX","updateServerDomain":"https://dl.pstmn.io/","userAgent":"Mozilla/5.0 (X11; Linux x86_64) AppleWebKit/537.36 (KHTML, like Gecko) Postman/6.7.2 Chrome/59.0.3071.115 Electron/1.8.8 Safari/537.36","userId":"0","version":"6.7.2"},"name":"updateElectron","namespace":"appUpdate"}]
[2846][1555765080133][main][info]["LinuxUpdater\\x7edownloadUpdate - UpdateInfo received",{"additionalParamsString":"installationId=c322a0a6-8aa6-4535-8d69-18fcd50c6857&userId=0&syncEnabled=false&teamPlan=","appId":"c322a0a6-8aa6-4535-8d69-18fcd50c6857","arch":"64","channel":"prod","downloadURL":"https://dl.pstmn.io/download/version/6.7.4/linux_64","platform":"LINUX","updateServerDomain":"https://dl.pstmn.io/","userAgent":"Mozilla/5.0 (X11; Linux x86_64) AppleWebKit/537.36 (KHTML, like Gecko) Postman/6.7.2 Chrome/59.0.3071.115 Electron/1.8.8 Safari/537.36","userId":"0","version":"6.7.2"}]
[2846][1555765112630][main][info]["@postman/app-updater: Update updateDownloaded",null,null,null,null]
[2846][1555765112631][main][info]["UpdateHandler\\x7eapp-update-events - Received event",{"name":"electronAppUpdateDownloaded","namespace":"appUpdate","data":{}}]
[1254][1555774335358][main][info]["Booting Postman 6.7.2, linux-4.18.16-arch1-1-ARCH on x64"]
[1254][1555774335365][main][info]["EventBus\\x7einitialize - Success"]
[1254][1555774335401][main][info]["UpdateHandler\\x7einit - Success"]
[1254][1555774335405][main][info]["RuntimeExecutionService\\x7einitialized: Success"]
[1254][1555774336211][main][info]["ProtocolHandler\\x7einit - Success with status: false]"]
[1254][1555774336275][main][info]["PluginHost - Booted for 1th time"]
[1254][1555774344019][main][info]["Bootstrap-models\\x7ebootstrap - Success"]
[1254][1555774347535][main][info]["Main\\x7eAppEvents - Received booted event for process shared"]
[1254][1555774350299][main][info]["UpdateHandler\\x7eapp-update-events - Received event",{"name":"checkForElectronVersionUpdated","namespace":"appUpdate"}]
[1254][1555774350302][main][info]["Main\\x7eAppEvents - Received booted event for process requester"]
[1254][1555774361803][main][info]["UpdateHandler\\x7eapp-update-events - Received event",{"data":{"additionalParamsString":"installationId=c322a0a6-8aa6-4535-8d69-18fcd50c6857&userId=0&syncEnabled=false&teamPlan=","appId":"c322a0a6-8aa6-4535-8d69-18fcd50c6857","arch":"64","channel":"prod","downloadURL":"https://dl.pstmn.io/download/version/6.7.4/linux_64","platform":"LINUX","updateServerDomain":"https://dl.pstmn.io/","userAgent":"Mozilla/5.0 (X11; Linux x86_64) AppleWebKit/537.36 (KHTML, like Gecko) Postman/6.7.2 Chrome/59.0.3071.115 Electron/1.8.8 Safari/537.36","userId":"0","version":"6.7.2"},"name":"updateElectron","namespace":"appUpdate"}]
[1254][1555774361805][main][info]["LinuxUpdater\\x7edownloadUpdate - UpdateInfo received",{"additionalParamsString":"installationId=c322a0a6-8aa6-4535-8d69-18fcd50c6857&userId=0&syncEnabled=false&teamPlan=","appId":"c322a0a6-8aa6-4535-8d69-18fcd50c6857","arch":"64","channel":"prod","downloadURL":"https://dl.pstmn.io/download/version/6.7.4/linux_64","platform":"LINUX","updateServerDomain":"https://dl.pstmn.io/","userAgent":"Mozilla/5.0 (X11; Linux x86_64) AppleWebKit/537.36 (KHTML, like Gecko) Postman/6.7.2 Chrome/59.0.3071.115 Electron/1.8.8 Safari/537.36","userId":"0","version":"6.7.2"}]
[1254][1555774383355][main][info]["@postman/app-updater: Update updateDownloaded",null,null,null,null]
[1254][1555774383356][main][info]["UpdateHandler\\x7eapp-update-events - Received event",{"name":"electronAppUpdateDownloaded","namespace":"appUpdate","data":{}}]
