[2846][1555765060653][pluginHost][info]["Booting Plugin Host for Postman 6.7.2, linux-4.18.16-arch1-1-ARCH on x64"]
[2846][1555765060663][pluginHost][info]["PluginsHost - Host: Booted"]
[2846][1555765060729][pluginHost][info]["not exist",{"errno":-2,"code":"ENOENT","syscall":"open","path":"/home/anirudh/.config/Postman/plugins/postman.openApi/version.json","name":"Error","message":"ENOENT: no such file or directory, open '/home/anirudh/.config/Postman/plugins/postman.openApi/version.json'","stack":"Error: ENOENT: no such file or directory, open '/home/anirudh/.config/Postman/plugins/postman.openApi/version.json'"}]
[2846][1555765060730][pluginHost][info]["PluginInstallationService-installOrUpdatePlugins Installing plugin",{"version":"0.0.9","pluginId":"postman.openApi","isInstalled":false}]
[2846][1555765060732][pluginHost][info]["PluginInstallationService-installFromLocal",{"pluginZipPath":"/home/anirudh/Downloads/Postman/app/resources/app/plugins/postman.openApi.zip","pluginsDir":"/home/anirudh/.config/Postman/plugins","currVersionDirPath":"/home/anirudh/.config/Postman/plugins/postman.openApi/0.0.9","tempDir":"/tmp","result":{"pluginId":"postman.openApi","version":"0.0.9","status":null}}]
[2846][1555765060732][pluginHost][info]["PluginInstallationService-installFromLocal extracting"]
[2846][1555765061086][pluginHost][info]["PluginInstallationService-installFromLocal extracted",{"pluginId":"postman.openApi","version":"0.0.9","status":null}]
[2846][1555765061087][pluginHost][info]["PluginInstallationService-installFromLocal moving",{"extractedPluginPath":"/tmp/postman.openApi"}]
[2846][1555765061089][pluginHost][warn]["PluginInstallationService-installFromLocal Caught an error",{"errno":-18,"code":"EXDEV","syscall":"rename","path":"/tmp/postman.openApi","dest":"/home/anirudh/.config/Postman/plugins/postman.openApi/0.0.9","name":"Error","message":"EXDEV: cross-device link not permitted, rename '/tmp/postman.openApi' -> '/home/anirudh/.config/Postman/plugins/postman.openApi/0.0.9'","stack":"Error: EXDEV: cross-device link not permitted, rename '/tmp/postman.openApi' -> '/home/anirudh/.config/Postman/plugins/postman.openApi/0.0.9'"},{"pluginId":"postman.openApi","version":"0.0.9","status":"failed","error":{}}]
[2846][1555765061089][pluginHost][info]["PluginInstallationService-installFromLocal Completed installing plugin",{"pluginId":"postman.openApi","version":"0.0.9","status":"failed","error":{}}]
[2846][1555765061090][pluginHost][info]["PluginsHost: Synced all plugins",[{"pluginId":"postman.openApi","version":"0.0.9","status":"failed","error":{}}]]
[1254][1555774344536][pluginHost][info]["Booting Plugin Host for Postman 6.7.2, linux-4.18.16-arch1-1-ARCH on x64"]
[1254][1555774344548][pluginHost][info]["PluginsHost - Host: Booted"]
[1254][1555774344615][pluginHost][info]["not exist",{"errno":-2,"code":"ENOENT","syscall":"open","path":"/home/anirudh/.config/Postman/plugins/postman.openApi/version.json","name":"Error","message":"ENOENT: no such file or directory, open '/home/anirudh/.config/Postman/plugins/postman.openApi/version.json'","stack":"Error: ENOENT: no such file or directory, open '/home/anirudh/.config/Postman/plugins/postman.openApi/version.json'"}]
[1254][1555774344616][pluginHost][info]["PluginInstallationService-installOrUpdatePlugins Installing plugin",{"version":"0.0.9","pluginId":"postman.openApi","isInstalled":false}]
[1254][1555774344617][pluginHost][info]["PluginInstallationService-installFromLocal",{"pluginZipPath":"/home/anirudh/Downloads/Postman/app/resources/app/plugins/postman.openApi.zip","pluginsDir":"/home/anirudh/.config/Postman/plugins","currVersionDirPath":"/home/anirudh/.config/Postman/plugins/postman.openApi/0.0.9","tempDir":"/tmp","result":{"pluginId":"postman.openApi","version":"0.0.9","status":null}}]
[1254][1555774344618][pluginHost][info]["PluginInstallationService-installFromLocal extracting"]
[1254][1555774344870][pluginHost][info]["PluginInstallationService-installFromLocal extracted",{"pluginId":"postman.openApi","version":"0.0.9","status":null}]
[1254][1555774344871][pluginHost][info]["PluginInstallationService-installFromLocal moving",{"extractedPluginPath":"/tmp/postman.openApi"}]
[1254][1555774344875][pluginHost][warn]["PluginInstallationService-installFromLocal Caught an error",{"errno":-18,"code":"EXDEV","syscall":"rename","path":"/tmp/postman.openApi","dest":"/home/anirudh/.config/Postman/plugins/postman.openApi/0.0.9","name":"Error","message":"EXDEV: cross-device link not permitted, rename '/tmp/postman.openApi' -> '/home/anirudh/.config/Postman/plugins/postman.openApi/0.0.9'","stack":"Error: EXDEV: cross-device link not permitted, rename '/tmp/postman.openApi' -> '/home/anirudh/.config/Postman/plugins/postman.openApi/0.0.9'"},{"pluginId":"postman.openApi","version":"0.0.9","status":"failed","error":{}}]
[1254][1555774344876][pluginHost][info]["PluginInstallationService-installFromLocal Completed installing plugin",{"pluginId":"postman.openApi","version":"0.0.9","status":"failed","error":{}}]
[1254][1555774344877][pluginHost][info]["PluginsHost: Synced all plugins",[{"pluginId":"postman.openApi","version":"0.0.9","status":"failed","error":{}}]]
