[2846][1555765061036][shell][info]["EventBus\\x7einitialize - Success"]
[2846][1555765061046][shell][info]["shellController\\x7einit: Success"]
[2846][1555765061047][shell][info]["shellMeta\\x7einit: Success"]
[2846][1555765061087][shell][info]["init\\x7esetViewAttributes - Initializing view with opts:",{"id":2,"logPath":"/home/anirudh/.config/Postman/logs","sessionId":2846,"startTime":1555765055262,"type":"shared","partitionId":"default"}]
[2846][1555765061089][shell][info]["init\\x7esetViewAttributes - Success"]
[2846][1555765065736][shell][info]["EventBus\\x7einitialize - Success"]
[2846][1555765065746][shell][info]["shellController\\x7einit: Success"]
[2846][1555765065748][shell][info]["shellMeta\\x7einit: Success"]
[2846][1555765065768][shell][info]["init\\x7esetViewAttributes - Initializing view with opts:",{"allIds":[4],"id":4,"logPath":"/home/anirudh/.config/Postman/logs","primaryId":4,"sessionId":2846,"startTime":1555765065225,"type":"requester","partitionId":"default"}]
[2846][1555765065771][shell][info]["init\\x7esetViewAttributes - Success"]
[1254][1555774344531][shell][info]["EventBus\\x7einitialize - Success"]
[1254][1555774344540][shell][info]["shellController\\x7einit: Success"]
[1254][1555774344541][shell][info]["shellMeta\\x7einit: Success"]
[1254][1555774344636][shell][info]["init\\x7esetViewAttributes - Initializing view with opts:",{"id":2,"logPath":"/home/anirudh/.config/Postman/logs","sessionId":1254,"startTime":1555774338149,"type":"shared","partitionId":"default"}]
[1254][1555774344640][shell][info]["init\\x7esetViewAttributes - Success"]
[1254][1555774348031][shell][info]["EventBus\\x7einitialize - Success"]
[1254][1555774348039][shell][info]["shellController\\x7einit: Success"]
[1254][1555774348040][shell][info]["shellMeta\\x7einit: Success"]
[1254][1555774348056][shell][info]["init\\x7esetViewAttributes - Initializing view with opts:",{"allIds":[3],"id":3,"logPath":"/home/anirudh/.config/Postman/logs","primaryId":3,"sessionId":1254,"startTime":1555774347606,"type":"requester","partitionId":"default"}]
[1254][1555774348058][shell][info]["init\\x7esetViewAttributes - Success"]
