[2846][1555765068303][requester][info]["EventBus\\x7einitialize - Success"]
[2846][1555765068307][requester][info]["Messaging\\x7eboot - Success"]
[2846][1555765068320][requester][info]["Telemetry\\x7eboot - Success"]
[2846][1555765068323][requester][info]["bootConfigurations\\x7einitialize - Success"]
[2846][1555765068325][requester][info]["Settings\\x7eboot - Success"]
[2846][1555765068460][requester][info]["bootstrapModels - Success"]
[2846][1555765068461][requester][info]["WLModels\\x7eboot - Success"]
[2846][1555765068653][requester][info]["Session\\x7eboot - Success"]
[2846][1555765068660][requester][info]["IndependentServices\\x7eboot - Success"]
[2846][1555765068677][requester][info]["AppModels\\x7eboot - Success"]
[2846][1555765068678][requester][info]["RuntimeListeners\\x7eboot- Success"]
[2846][1555765068679][requester][info]["DBWatcher\\x7eboot - Success"]
[2846][1555765068700][requester][info]["ThemeManager\\x7eboot - Success"]
[2846][1555765068702][requester][info]["InAppMessaging\\x7eboot - Success"]
[2846][1555765068703][requester][info]["Store\\x7eboot - Success"]
[2846][1555765068705][requester][info]["Shortcuts\\x7eboot - Success"]
[2846][1555765068706][requester][info]["SyncProxy\\x7eboot - Success"]
[2846][1555765068720][requester][info]["Requester\\x7eboot - Success"]
[2846][1555765068721][requester][info]["booted - requester"]
[1254][1555774350060][requester][info]["EventBus\\x7einitialize - Success"]
[1254][1555774350065][requester][info]["Messaging\\x7eboot - Success"]
[1254][1555774350074][requester][info]["Telemetry\\x7eboot - Success"]
[1254][1555774350076][requester][info]["bootConfigurations\\x7einitialize - Success"]
[1254][1555774350079][requester][info]["Settings\\x7eboot - Success"]
[1254][1555774350187][requester][info]["bootstrapModels - Success"]
[1254][1555774350188][requester][info]["WLModels\\x7eboot - Success"]
[1254][1555774350238][requester][info]["Session\\x7eboot - Success"]
[1254][1555774350246][requester][info]["IndependentServices\\x7eboot - Success"]
[1254][1555774350259][requester][info]["AppModels\\x7eboot - Success"]
[1254][1555774350259][requester][info]["RuntimeListeners\\x7eboot- Success"]
[1254][1555774350260][requester][info]["DBWatcher\\x7eboot - Success"]
[1254][1555774350265][requester][info]["ThemeManager\\x7eboot - Success"]
[1254][1555774350268][requester][info]["InAppMessaging\\x7eboot - Success"]
[1254][1555774350270][requester][info]["Store\\x7eboot - Success"]
[1254][1555774350274][requester][info]["Shortcuts\\x7eboot - Success"]
[1254][1555774350275][requester][info]["SyncProxy\\x7eboot - Success"]
[1254][1555774350300][requester][info]["Requester\\x7eboot - Success"]
[1254][1555774350300][requester][info]["booted - requester"]
