[2846][1555765063964][shared][info]["EventBus\\x7einitialize - Success"]
[2846][1555765063969][shared][info]["Messaging\\x7eboot - Success"]
[2846][1555765064014][shared][info]["Telemetry\\x7eboot - Success"]
[2846][1555765064018][shared][info]["bootConfigurations\\x7einitialize - Success"]
[2846][1555765064028][shared][info]["Settings\\x7eboot - Success"]
[2846][1555765064030][shared][info]["Migrations: Starting migrations"]
[2846][1555765064031][shared][info]["Migrations: Walking migration","0000_initial"]
[2846][1555765064032][shared][info]["Migrations: Walking migration","0001_add_archived_resources_table"]
[2846][1555765064032][shared][info]["Migrations: Walking migration","0002_add_variable_sessions_table"]
[2846][1555765064032][shared][info]["Migrations: Walking migration","0003_add_editor_tables"]
[2846][1555765064032][shared][info]["Migrations: Walking migration","0004_migrate_ws_session_data"]
[2846][1555765064032][shared][info]["Migrations: Walking migration","0005_cleanup_request_response_and_history_body"]
[2846][1555765064033][shared][info]["Migrations: Walking migration","0006_add_dbp_to_request_response_and_history"]
[2846][1555765064033][shared][info]["Migrations: Walking migration","0007_add_sync_client_buckets_by_order_id_table"]
[2846][1555765064033][shared][info]["Migrations: Walking migration","0008_migrate_to_sync_client_buckets_by_order_id"]
[2846][1555765064033][shared][info]["Migrations: Walking migration","0009_remove_sync_client_buckets_table"]
[2846][1555765064033][shared][info]["Migrations: Walking migration","0010_add_history_owner"]
[2846][1555765064034][shared][info]["Migrations: Walking migration","0011_add_history_response_table"]
[2846][1555765064034][shared][info]["Migrations: Walking migration","0012_add_user_data_table"]
[2846][1555765064034][shared][info]["Migrations: Walking migration","0013_sanitize_request_response_and_history_methods"]
[2846][1555765064034][shared][info]["Migrations: Walking migration","0014_sanitize_response_requestobject_rawmodedata"]
[2846][1555765064035][shared][info]["Migrations: Starting migration","0000_initial"]
[2846][1555765064035][shared][info]["Migrations: Setting context before starting migration","0000_initial",{"0000_initial":"started"}]
[2846][1555765064036][shared][info]["Migrations: Applying migration","0000_initial"]
[2846][1555765064036][shared][info]["Migrations: Upgrading IndexedDB to version","0000_initial",1]
[2846][1555765064038][shared][info]["Migrations: Adding pending commit to queue","0000_initial"]
[2846][1555765064038][shared][info]["Migrations: Starting migration","0001_add_archived_resources_table"]
[2846][1555765064038][shared][info]["Migrations: Setting context before starting migration","0001_add_archived_resources_table",{"0000_initial":"started","0001_add_archived_resources_table":"started"}]
[2846][1555765064039][shared][info]["Migrations: Applying migration","0001_add_archived_resources_table"]
[2846][1555765064039][shared][info]["Migrations: Upgrading IndexedDB to version","0001_add_archived_resources_table",2]
[2846][1555765064041][shared][info]["Migrations: Adding pending commit to queue","0001_add_archived_resources_table"]
[2846][1555765064041][shared][info]["Migrations: Starting migration","0002_add_variable_sessions_table"]
[2846][1555765064041][shared][info]["Migrations: Setting context before starting migration","0002_add_variable_sessions_table",{"0000_initial":"started","0001_add_archived_resources_table":"started","0002_add_variable_sessions_table":"started"}]
[2846][1555765064041][shared][info]["Migrations: Applying migration","0002_add_variable_sessions_table"]
[2846][1555765064042][shared][info]["Migrations: Upgrading IndexedDB to version","0002_add_variable_sessions_table",3]
[2846][1555765064044][shared][info]["Migrations: Adding pending commit to queue","0002_add_variable_sessions_table"]
[2846][1555765064045][shared][info]["Migrations: Starting migration","0003_add_editor_tables"]
[2846][1555765064045][shared][info]["Migrations: Setting context before starting migration","0003_add_editor_tables",{"0000_initial":"started","0001_add_archived_resources_table":"started","0002_add_variable_sessions_table":"started","0003_add_editor_tables":"started"}]
[2846][1555765064046][shared][info]["Migrations: Applying migration","0003_add_editor_tables"]
[2846][1555765064046][shared][info]["Migrations: Upgrading IndexedDB to version","0003_add_editor_tables",4]
[2846][1555765064048][shared][info]["Migrations: Adding pending commit to queue","0003_add_editor_tables"]
[2846][1555765064049][shared][info]["Migrations: Starting migration","0004_migrate_ws_session_data"]
[2846][1555765064049][shared][info]["Migrations: Flushing pending migrations for","0004_migrate_ws_session_data"]
[2846][1555765064049][shared][info]["Migrations: Flushing pending commit for type","IndexeddbSchemaMigration"]
[2846][1555765064050][shared][info]["Migrations: Committing IndexedDB upgrade"]
[2846][1555765064265][shared][info]["Migrations: Updating status in migration context",{"0000_initial":"started","0001_add_archived_resources_table":"started","0002_add_variable_sessions_table":"started","0003_add_editor_tables":"started"}]
[2846][1555765064266][shared][info]["Migrations: Updated status in migration context",{"0000_initial":"finished","0001_add_archived_resources_table":"finished","0002_add_variable_sessions_table":"finished","0003_add_editor_tables":"finished"}]
[2846][1555765064267][shared][info]["Migrations: Setting context before starting migration","0004_migrate_ws_session_data",{"0000_initial":"finished","0001_add_archived_resources_table":"finished","0002_add_variable_sessions_table":"finished","0003_add_editor_tables":"finished","0004_migrate_ws_session_data":"started"}]
[2846][1555765064267][shared][info]["Migrations: Applying migration","0004_migrate_ws_session_data"]
[2846][1555765064268][shared][info]["Migrations: Processing IndexedDB data migration","0004_migrate_ws_session_data"]
[2846][1555765064271][shared][info]["Migration\\x7eTabs: Starting migration"]
[2846][1555765064281][shared][info]["Migration\\x7eTabs: Completed transformation"]
[2846][1555765064282][shared][info]["Migration\\x7eTabs: Creating editors"]
[2846][1555765064285][shared][info]["Migration\\x7eTabs: Creating editor models"]
[2846][1555765064286][shared][info]["Migrations: Saving migration context after completion","0004_migrate_ws_session_data",{"0000_initial":"finished","0001_add_archived_resources_table":"finished","0002_add_variable_sessions_table":"finished","0003_add_editor_tables":"finished","0004_migrate_ws_session_data":"started"}]
[2846][1555765064287][shared][info]["Migrations: Starting migration","0005_cleanup_request_response_and_history_body"]
[2846][1555765064287][shared][info]["Migrations: Flushing pending migrations for","0005_cleanup_request_response_and_history_body"]
[2846][1555765064288][shared][info]["Migrations: Updating status in migration context",{"0000_initial":"finished","0001_add_archived_resources_table":"finished","0002_add_variable_sessions_table":"finished","0003_add_editor_tables":"finished","0004_migrate_ws_session_data":"finished"}]
[2846][1555765064288][shared][info]["Migrations: Updated status in migration context",{"0000_initial":"finished","0001_add_archived_resources_table":"finished","0002_add_variable_sessions_table":"finished","0003_add_editor_tables":"finished","0004_migrate_ws_session_data":"finished"}]
[2846][1555765064289][shared][info]["Migrations: Setting context before starting migration","0005_cleanup_request_response_and_history_body",{"0000_initial":"finished","0001_add_archived_resources_table":"finished","0002_add_variable_sessions_table":"finished","0003_add_editor_tables":"finished","0004_migrate_ws_session_data":"finished","0005_cleanup_request_response_and_history_body":"started"}]
[2846][1555765064289][shared][info]["Migrations: Applying migration","0005_cleanup_request_response_and_history_body"]
[2846][1555765064290][shared][info]["Migrations: Processing IndexedDB data migration","0005_cleanup_request_response_and_history_body"]
[2846][1555765064301][shared][info]["Migrations: Saving migration context after completion","0005_cleanup_request_response_and_history_body",{"0000_initial":"finished","0001_add_archived_resources_table":"finished","0002_add_variable_sessions_table":"finished","0003_add_editor_tables":"finished","0004_migrate_ws_session_data":"finished","0005_cleanup_request_response_and_history_body":"started"}]
[2846][1555765064302][shared][info]["Migrations: Starting migration","0006_add_dbp_to_request_response_and_history"]
[2846][1555765064302][shared][info]["Migrations: Flushing pending migrations for","0006_add_dbp_to_request_response_and_history"]
[2846][1555765064302][shared][info]["Migrations: Updating status in migration context",{"0000_initial":"finished","0001_add_archived_resources_table":"finished","0002_add_variable_sessions_table":"finished","0003_add_editor_tables":"finished","0004_migrate_ws_session_data":"finished","0005_cleanup_request_response_and_history_body":"finished"}]
[2846][1555765064303][shared][info]["Migrations: Updated status in migration context",{"0000_initial":"finished","0001_add_archived_resources_table":"finished","0002_add_variable_sessions_table":"finished","0003_add_editor_tables":"finished","0004_migrate_ws_session_data":"finished","0005_cleanup_request_response_and_history_body":"finished"}]
[2846][1555765064303][shared][info]["Migrations: Setting context before starting migration","0006_add_dbp_to_request_response_and_history",{"0000_initial":"finished","0001_add_archived_resources_table":"finished","0002_add_variable_sessions_table":"finished","0003_add_editor_tables":"finished","0004_migrate_ws_session_data":"finished","0005_cleanup_request_response_and_history_body":"finished","0006_add_dbp_to_request_response_and_history":"started"}]
[2846][1555765064304][shared][info]["Migrations: Applying migration","0006_add_dbp_to_request_response_and_history"]
[2846][1555765064304][shared][info]["Migrations: Processing IndexedDB data migration","0006_add_dbp_to_request_response_and_history"]
[2846][1555765064311][shared][info]["Migrations: Saving migration context after completion","0006_add_dbp_to_request_response_and_history",{"0000_initial":"finished","0001_add_archived_resources_table":"finished","0002_add_variable_sessions_table":"finished","0003_add_editor_tables":"finished","0004_migrate_ws_session_data":"finished","0005_cleanup_request_response_and_history_body":"finished","0006_add_dbp_to_request_response_and_history":"started"}]
[2846][1555765064313][shared][info]["Migrations: Starting migration","0007_add_sync_client_buckets_by_order_id_table"]
[2846][1555765064314][shared][info]["Migrations: Setting context before starting migration","0007_add_sync_client_buckets_by_order_id_table",{"0000_initial":"finished","0001_add_archived_resources_table":"finished","0002_add_variable_sessions_table":"finished","0003_add_editor_tables":"finished","0004_migrate_ws_session_data":"finished","0005_cleanup_request_response_and_history_body":"finished","0006_add_dbp_to_request_response_and_history":"finished","0007_add_sync_client_buckets_by_order_id_table":"started"}]
[2846][1555765064315][shared][info]["Migrations: Applying migration","0007_add_sync_client_buckets_by_order_id_table"]
[2846][1555765064315][shared][info]["Migrations: Upgrading IndexedDB to version","0007_add_sync_client_buckets_by_order_id_table",5]
[2846][1555765064318][shared][info]["Migrations: Adding pending commit to queue","0007_add_sync_client_buckets_by_order_id_table"]
[2846][1555765064318][shared][info]["Migrations: Starting migration","0008_migrate_to_sync_client_buckets_by_order_id"]
[2846][1555765064319][shared][info]["Migrations: Flushing pending migrations for","0008_migrate_to_sync_client_buckets_by_order_id"]
[2846][1555765064319][shared][info]["Migrations: Flushing pending commit for type","IndexeddbSchemaMigration"]
[2846][1555765064319][shared][info]["Migrations: Committing IndexedDB upgrade"]
[2846][1555765064395][shared][info]["Migrations: Updating status in migration context",{"0000_initial":"finished","0001_add_archived_resources_table":"finished","0002_add_variable_sessions_table":"finished","0003_add_editor_tables":"finished","0004_migrate_ws_session_data":"finished","0005_cleanup_request_response_and_history_body":"finished","0006_add_dbp_to_request_response_and_history":"finished","0007_add_sync_client_buckets_by_order_id_table":"started"}]
[2846][1555765064397][shared][info]["Migrations: Updated status in migration context",{"0000_initial":"finished","0001_add_archived_resources_table":"finished","0002_add_variable_sessions_table":"finished","0003_add_editor_tables":"finished","0004_migrate_ws_session_data":"finished","0005_cleanup_request_response_and_history_body":"finished","0006_add_dbp_to_request_response_and_history":"finished","0007_add_sync_client_buckets_by_order_id_table":"finished"}]
[2846][1555765064398][shared][info]["Migrations: Setting context before starting migration","0008_migrate_to_sync_client_buckets_by_order_id",{"0000_initial":"finished","0001_add_archived_resources_table":"finished","0002_add_variable_sessions_table":"finished","0003_add_editor_tables":"finished","0004_migrate_ws_session_data":"finished","0005_cleanup_request_response_and_history_body":"finished","0006_add_dbp_to_request_response_and_history":"finished","0007_add_sync_client_buckets_by_order_id_table":"finished","0008_migrate_to_sync_client_buckets_by_order_id":"started"}]
[2846][1555765064399][shared][info]["Migrations: Applying migration","0008_migrate_to_sync_client_buckets_by_order_id"]
[2846][1555765064399][shared][info]["Migrations: Processing IndexedDB data migration","0008_migrate_to_sync_client_buckets_by_order_id"]
[2846][1555765064403][shared][info]["Migrations: Saving migration context after completion","0008_migrate_to_sync_client_buckets_by_order_id",{"0000_initial":"finished","0001_add_archived_resources_table":"finished","0002_add_variable_sessions_table":"finished","0003_add_editor_tables":"finished","0004_migrate_ws_session_data":"finished","0005_cleanup_request_response_and_history_body":"finished","0006_add_dbp_to_request_response_and_history":"finished","0007_add_sync_client_buckets_by_order_id_table":"finished","0008_migrate_to_sync_client_buckets_by_order_id":"started"}]
[2846][1555765064404][shared][info]["Migrations: Starting migration","0009_remove_sync_client_buckets_table"]
[2846][1555765064404][shared][info]["Migrations: Setting context before starting migration","0009_remove_sync_client_buckets_table",{"0000_initial":"finished","0001_add_archived_resources_table":"finished","0002_add_variable_sessions_table":"finished","0003_add_editor_tables":"finished","0004_migrate_ws_session_data":"finished","0005_cleanup_request_response_and_history_body":"finished","0006_add_dbp_to_request_response_and_history":"finished","0007_add_sync_client_buckets_by_order_id_table":"finished","0008_migrate_to_sync_client_buckets_by_order_id":"finished","0009_remove_sync_client_buckets_table":"started"}]
[2846][1555765064405][shared][info]["Migrations: Applying migration","0009_remove_sync_client_buckets_table"]
[2846][1555765064405][shared][info]["Migrations: Upgrading IndexedDB to version","0009_remove_sync_client_buckets_table",6]
[2846][1555765064406][shared][info]["Migrations: Adding pending commit to queue","0009_remove_sync_client_buckets_table"]
[2846][1555765064407][shared][info]["Migrations: Starting migration","0010_add_history_owner"]
[2846][1555765064407][shared][info]["Migrations: Flushing pending migrations for","0010_add_history_owner"]
[2846][1555765064407][shared][info]["Migrations: Flushing pending commit for type","IndexeddbSchemaMigration"]
[2846][1555765064407][shared][info]["Migrations: Committing IndexedDB upgrade"]
[2846][1555765064449][shared][info]["Migrations: Updating status in migration context",{"0000_initial":"finished","0001_add_archived_resources_table":"finished","0002_add_variable_sessions_table":"finished","0003_add_editor_tables":"finished","0004_migrate_ws_session_data":"finished","0005_cleanup_request_response_and_history_body":"finished","0006_add_dbp_to_request_response_and_history":"finished","0007_add_sync_client_buckets_by_order_id_table":"finished","0008_migrate_to_sync_client_buckets_by_order_id":"finished","0009_remove_sync_client_buckets_table":"started"}]
[2846][1555765064450][shared][info]["Migrations: Updated status in migration context",{"0000_initial":"finished","0001_add_archived_resources_table":"finished","0002_add_variable_sessions_table":"finished","0003_add_editor_tables":"finished","0004_migrate_ws_session_data":"finished","0005_cleanup_request_response_and_history_body":"finished","0006_add_dbp_to_request_response_and_history":"finished","0007_add_sync_client_buckets_by_order_id_table":"finished","0008_migrate_to_sync_client_buckets_by_order_id":"finished","0009_remove_sync_client_buckets_table":"finished"}]
[2846][1555765064451][shared][info]["Migrations: Setting context before starting migration","0010_add_history_owner",{"0000_initial":"finished","0001_add_archived_resources_table":"finished","0002_add_variable_sessions_table":"finished","0003_add_editor_tables":"finished","0004_migrate_ws_session_data":"finished","0005_cleanup_request_response_and_history_body":"finished","0006_add_dbp_to_request_response_and_history":"finished","0007_add_sync_client_buckets_by_order_id_table":"finished","0008_migrate_to_sync_client_buckets_by_order_id":"finished","0009_remove_sync_client_buckets_table":"finished","0010_add_history_owner":"started"}]
[2846][1555765064451][shared][info]["Migrations: Applying migration","0010_add_history_owner"]
[2846][1555765064451][shared][info]["Migrations: Processing IndexedDB data migration","0010_add_history_owner"]
[2846][1555765064461][shared][info]["Migrations: Saving migration context after completion","0010_add_history_owner",{"0000_initial":"finished","0001_add_archived_resources_table":"finished","0002_add_variable_sessions_table":"finished","0003_add_editor_tables":"finished","0004_migrate_ws_session_data":"finished","0005_cleanup_request_response_and_history_body":"finished","0006_add_dbp_to_request_response_and_history":"finished","0007_add_sync_client_buckets_by_order_id_table":"finished","0008_migrate_to_sync_client_buckets_by_order_id":"finished","0009_remove_sync_client_buckets_table":"finished","0010_add_history_owner":"started"}]
[2846][1555765064462][shared][info]["Migrations: Starting migration","0011_add_history_response_table"]
[2846][1555765064462][shared][info]["Migrations: Setting context before starting migration","0011_add_history_response_table",{"0000_initial":"finished","0001_add_archived_resources_table":"finished","0002_add_variable_sessions_table":"finished","0003_add_editor_tables":"finished","0004_migrate_ws_session_data":"finished","0005_cleanup_request_response_and_history_body":"finished","0006_add_dbp_to_request_response_and_history":"finished","0007_add_sync_client_buckets_by_order_id_table":"finished","0008_migrate_to_sync_client_buckets_by_order_id":"finished","0009_remove_sync_client_buckets_table":"finished","0010_add_history_owner":"finished","0011_add_history_response_table":"started"}]
[2846][1555765064463][shared][info]["Migrations: Applying migration","0011_add_history_response_table"]
[2846][1555765064464][shared][info]["Migrations: Upgrading IndexedDB to version","0011_add_history_response_table",7]
[2846][1555765064468][shared][info]["Migrations: Adding pending commit to queue","0011_add_history_response_table"]
[2846][1555765064468][shared][info]["Migrations: Starting migration","0012_add_user_data_table"]
[2846][1555765064468][shared][info]["Migrations: Setting context before starting migration","0012_add_user_data_table",{"0000_initial":"finished","0001_add_archived_resources_table":"finished","0002_add_variable_sessions_table":"finished","0003_add_editor_tables":"finished","0004_migrate_ws_session_data":"finished","0005_cleanup_request_response_and_history_body":"finished","0006_add_dbp_to_request_response_and_history":"finished","0007_add_sync_client_buckets_by_order_id_table":"finished","0008_migrate_to_sync_client_buckets_by_order_id":"finished","0009_remove_sync_client_buckets_table":"finished","0010_add_history_owner":"finished","0011_add_history_response_table":"started","0012_add_user_data_table":"started"}]
[2846][1555765064469][shared][info]["Migrations: Applying migration","0012_add_user_data_table"]
[2846][1555765064469][shared][info]["Migrations: Upgrading IndexedDB to version","0012_add_user_data_table",8]
[2846][1555765064471][shared][info]["Migrations: Adding pending commit to queue","0012_add_user_data_table"]
[2846][1555765064471][shared][info]["Migrations: Starting migration","0013_sanitize_request_response_and_history_methods"]
[2846][1555765064471][shared][info]["Migrations: Flushing pending migrations for","0013_sanitize_request_response_and_history_methods"]
[2846][1555765064471][shared][info]["Migrations: Flushing pending commit for type","IndexeddbSchemaMigration"]
[2846][1555765064471][shared][info]["Migrations: Committing IndexedDB upgrade"]
[2846][1555765064577][shared][info]["Migrations: Updating status in migration context",{"0000_initial":"finished","0001_add_archived_resources_table":"finished","0002_add_variable_sessions_table":"finished","0003_add_editor_tables":"finished","0004_migrate_ws_session_data":"finished","0005_cleanup_request_response_and_history_body":"finished","0006_add_dbp_to_request_response_and_history":"finished","0007_add_sync_client_buckets_by_order_id_table":"finished","0008_migrate_to_sync_client_buckets_by_order_id":"finished","0009_remove_sync_client_buckets_table":"finished","0010_add_history_owner":"finished","0011_add_history_response_table":"started","0012_add_user_data_table":"started"}]
[2846][1555765064583][shared][info]["Migrations: Updated status in migration context",{"0000_initial":"finished","0001_add_archived_resources_table":"finished","0002_add_variable_sessions_table":"finished","0003_add_editor_tables":"finished","0004_migrate_ws_session_data":"finished","0005_cleanup_request_response_and_history_body":"finished","0006_add_dbp_to_request_response_and_history":"finished","0007_add_sync_client_buckets_by_order_id_table":"finished","0008_migrate_to_sync_client_buckets_by_order_id":"finished","0009_remove_sync_client_buckets_table":"finished","0010_add_history_owner":"finished","0011_add_history_response_table":"finished","0012_add_user_data_table":"finished"}]
[2846][1555765064585][shared][info]["Migrations: Setting context before starting migration","0013_sanitize_request_response_and_history_methods",{"0000_initial":"finished","0001_add_archived_resources_table":"finished","0002_add_variable_sessions_table":"finished","0003_add_editor_tables":"finished","0004_migrate_ws_session_data":"finished","0005_cleanup_request_response_and_history_body":"finished","0006_add_dbp_to_request_response_and_history":"finished","0007_add_sync_client_buckets_by_order_id_table":"finished","0008_migrate_to_sync_client_buckets_by_order_id":"finished","0009_remove_sync_client_buckets_table":"finished","0010_add_history_owner":"finished","0011_add_history_response_table":"finished","0012_add_user_data_table":"finished","0013_sanitize_request_response_and_history_methods":"started"}]
[2846][1555765064586][shared][info]["Migrations: Applying migration","0013_sanitize_request_response_and_history_methods"]
[2846][1555765064587][shared][info]["Migrations: Processing IndexedDB data migration","0013_sanitize_request_response_and_history_methods"]
[2846][1555765064601][shared][info]["Migrations: Saving migration context after completion","0013_sanitize_request_response_and_history_methods",{"0000_initial":"finished","0001_add_archived_resources_table":"finished","0002_add_variable_sessions_table":"finished","0003_add_editor_tables":"finished","0004_migrate_ws_session_data":"finished","0005_cleanup_request_response_and_history_body":"finished","0006_add_dbp_to_request_response_and_history":"finished","0007_add_sync_client_buckets_by_order_id_table":"finished","0008_migrate_to_sync_client_buckets_by_order_id":"finished","0009_remove_sync_client_buckets_table":"finished","0010_add_history_owner":"finished","0011_add_history_response_table":"finished","0012_add_user_data_table":"finished","0013_sanitize_request_response_and_history_methods":"started"}]
[2846][1555765064603][shared][info]["Migrations: Starting migration","0014_sanitize_response_requestobject_rawmodedata"]
[2846][1555765064603][shared][info]["Migrations: Flushing pending migrations for","0014_sanitize_response_requestobject_rawmodedata"]
[2846][1555765064603][shared][info]["Migrations: Updating status in migration context",{"0000_initial":"finished","0001_add_archived_resources_table":"finished","0002_add_variable_sessions_table":"finished","0003_add_editor_tables":"finished","0004_migrate_ws_session_data":"finished","0005_cleanup_request_response_and_history_body":"finished","0006_add_dbp_to_request_response_and_history":"finished","0007_add_sync_client_buckets_by_order_id_table":"finished","0008_migrate_to_sync_client_buckets_by_order_id":"finished","0009_remove_sync_client_buckets_table":"finished","0010_add_history_owner":"finished","0011_add_history_response_table":"finished","0012_add_user_data_table":"finished","0013_sanitize_request_response_and_history_methods":"finished"}]
[2846][1555765064604][shared][info]["Migrations: Updated status in migration context",{"0000_initial":"finished","0001_add_archived_resources_table":"finished","0002_add_variable_sessions_table":"finished","0003_add_editor_tables":"finished","0004_migrate_ws_session_data":"finished","0005_cleanup_request_response_and_history_body":"finished","0006_add_dbp_to_request_response_and_history":"finished","0007_add_sync_client_buckets_by_order_id_table":"finished","0008_migrate_to_sync_client_buckets_by_order_id":"finished","0009_remove_sync_client_buckets_table":"finished","0010_add_history_owner":"finished","0011_add_history_response_table":"finished","0012_add_user_data_table":"finished","0013_sanitize_request_response_and_history_methods":"finished"}]
[2846][1555765064605][shared][info]["Migrations: Setting context before starting migration","0014_sanitize_response_requestobject_rawmodedata",{"0000_initial":"finished","0001_add_archived_resources_table":"finished","0002_add_variable_sessions_table":"finished","0003_add_editor_tables":"finished","0004_migrate_ws_session_data":"finished","0005_cleanup_request_response_and_history_body":"finished","0006_add_dbp_to_request_response_and_history":"finished","0007_add_sync_client_buckets_by_order_id_table":"finished","0008_migrate_to_sync_client_buckets_by_order_id":"finished","0009_remove_sync_client_buckets_table":"finished","0010_add_history_owner":"finished","0011_add_history_response_table":"finished","0012_add_user_data_table":"finished","0013_sanitize_request_response_and_history_methods":"finished","0014_sanitize_response_requestobject_rawmodedata":"started"}]
[2846][1555765064606][shared][info]["Migrations: Applying migration","0014_sanitize_response_requestobject_rawmodedata"]
[2846][1555765064606][shared][info]["Migrations: Processing IndexedDB data migration","0014_sanitize_response_requestobject_rawmodedata"]
[2846][1555765064614][shared][info]["Migrations: Saving migration context after completion","0014_sanitize_response_requestobject_rawmodedata",{"0000_initial":"finished","0001_add_archived_resources_table":"finished","0002_add_variable_sessions_table":"finished","0003_add_editor_tables":"finished","0004_migrate_ws_session_data":"finished","0005_cleanup_request_response_and_history_body":"finished","0006_add_dbp_to_request_response_and_history":"finished","0007_add_sync_client_buckets_by_order_id_table":"finished","0008_migrate_to_sync_client_buckets_by_order_id":"finished","0009_remove_sync_client_buckets_table":"finished","0010_add_history_owner":"finished","0011_add_history_response_table":"finished","0012_add_user_data_table":"finished","0013_sanitize_request_response_and_history_methods":"finished","0014_sanitize_response_requestobject_rawmodedata":"started"}]
[2846][1555765064616][shared][info]["Migrations: Flushing pending commit steps"]
[2846][1555765064616][shared][info]["Migrations: Updating status in migration context",{"0000_initial":"finished","0001_add_archived_resources_table":"finished","0002_add_variable_sessions_table":"finished","0003_add_editor_tables":"finished","0004_migrate_ws_session_data":"finished","0005_cleanup_request_response_and_history_body":"finished","0006_add_dbp_to_request_response_and_history":"finished","0007_add_sync_client_buckets_by_order_id_table":"finished","0008_migrate_to_sync_client_buckets_by_order_id":"finished","0009_remove_sync_client_buckets_table":"finished","0010_add_history_owner":"finished","0011_add_history_response_table":"finished","0012_add_user_data_table":"finished","0013_sanitize_request_response_and_history_methods":"finished","0014_sanitize_response_requestobject_rawmodedata":"finished"}]
[2846][1555765064617][shared][info]["Migrations: Updated status in migration context",{"0000_initial":"finished","0001_add_archived_resources_table":"finished","0002_add_variable_sessions_table":"finished","0003_add_editor_tables":"finished","0004_migrate_ws_session_data":"finished","0005_cleanup_request_response_and_history_body":"finished","0006_add_dbp_to_request_response_and_history":"finished","0007_add_sync_client_buckets_by_order_id_table":"finished","0008_migrate_to_sync_client_buckets_by_order_id":"finished","0009_remove_sync_client_buckets_table":"finished","0010_add_history_owner":"finished","0011_add_history_response_table":"finished","0012_add_user_data_table":"finished","0013_sanitize_request_response_and_history_methods":"finished","0014_sanitize_response_requestobject_rawmodedata":"finished"}]
[2846][1555765064618][shared][info]["Migration: Finished all migrations"]
[2846][1555765064993][shared][info]["bootstrapModels - Success"]
[2846][1555765064995][shared][info]["WLModels\\x7eboot - Success"]
[2846][1555765065038][shared][info]["initializeConfigurationsValues - Success"]
[2846][1555765065128][shared][info]["Migrate - Bailed out due to:","FRESH_INSTALL"]
[2846][1555765065151][shared][info]["AppModels\\x7eboot - Success"]
[2846][1555765065158][shared][info]["SharedRuntimeListeners\\x7eboot - Success"]
[2846][1555765065171][shared][info]["Sync\\x7eboot - Success"]
[2846][1555765065172][shared][info]["Shared\\x7eboot - Success"]
[2846][1555765065173][shared][info]["booted - shared"]
[1254][1555774347094][shared][info]["EventBus\\x7einitialize - Success"]
[1254][1555774347099][shared][info]["Messaging\\x7eboot - Success"]
[1254][1555774347120][shared][info]["Telemetry\\x7eboot - Success"]
[1254][1555774347123][shared][info]["bootConfigurations\\x7einitialize - Success"]
[1254][1555774347128][shared][info]["Settings\\x7eboot - Success"]
[1254][1555774347129][shared][info]["Migrations: Skipping migrations. No migrations to apply."]
[1254][1555774347331][shared][info]["bootstrapModels - Success"]
[1254][1555774347331][shared][info]["WLModels\\x7eboot - Success"]
[1254][1555774347393][shared][info]["initializeConfigurationsValues - Success"]
[1254][1555774347487][shared][info]["Migrate - Bailed out due to:","FRESH_INSTALL"]
[1254][1555774347513][shared][info]["AppModels\\x7eboot - Success"]
[1254][1555774347520][shared][info]["SharedRuntimeListeners\\x7eboot - Success"]
[1254][1555774347532][shared][info]["Sync\\x7eboot - Success"]
[1254][1555774347533][shared][info]["Shared\\x7eboot - Success"]
[1254][1555774347533][shared][info]["booted - shared"]
