[08/23/19, 18:49:35:759] info: ╔══════════════════════════════════════════════════════════════════════════════════╗ 
[08/23/19, 18:49:35:890] info: ╔══════════════════════════════════════════════════════════════════════════════════╗ 
[08/23/19, 18:49:35:760] info: ║      Slack 4.0.1, linux 5.2.1-arch1-1-ARCH on x64 at 08/23/19, 18:49:35:758      ║ 
[08/23/19, 18:49:35:760] info: ╚══════════════════════════════════════════════════════════════════════════════════╝ 
[08/23/19, 18:49:35:761] info: Configured logger via 
{
  "logLevel": "info"
}
[08/23/19, 18:49:35:761] info: Predefined values for process 
{
  "platform": "linux",
  "NODE_ENV": "production",
  "type": "browser",
  "PACKAGE_MANIFEST.productName": "Slack",
  "PACKAGE_MANIFEST.version": "4.0.1",
  "PACKAGE_MANIFEST.versionName": "The Final Countdown",
  "PACKAGE_MANIFEST.commit": "d9a7448",
  "PACKAGE_MANIFEST.branch": "HEAD"
}
[08/23/19, 18:49:35:854] info: Generated uuid and stored 
{
  "uuid": "2943dfe1-cc22-5680-baab-cc3565ad8be4"
}
[08/23/19, 18:49:35:866] error: Locale: Tried to access systemLocale before application was ready 
[08/23/19, 18:49:35:881] info: TraceRecorder: setting up trace recorder, trace will be stored under /home/anirudh/.config/Slack/logs/recorded-trace
[08/23/19, 18:49:35:882] info: Copying current Cookies into StaleCookies-0 
[08/23/19, 18:49:35:884] warn: Unable to save StaleCookies 
{
  "error": {
    "stack": "Error: ENOENT: no such file or directory, open '/home/anirudh/.config/Slack/Cookies'\n    at Object.openSync (fs.js:436:3)\n    at Object.module.(anonymous function) [as openSync] (ELECTRON_ASAR.js:160:31)\n    at Object.readFileSync (fs.js:341:35)\n    at Object.fs.readFileSync (ELECTRON_ASAR.js:580:40)\n    at copySmallFileSync (/var/lib/snapd/snap/slack/16/usr/lib/slack/resources/app.asar/dist/main.bundle.js:1:373487)\n    at saveStaleCookies (/var/lib/snapd/snap/slack/16/usr/lib/slack/resources/app.asar/dist/main.1.0c9553d15cea878f670c.js:1:136351)\n    at handleChromiumCookieMigration (/var/lib/snapd/snap/slack/16/usr/lib/slack/resources/app.asar/dist/main.1.0c9553d15cea878f670c.js:1:136479)\n    at main (/var/lib/snapd/snap/slack/16/usr/lib/slack/resources/app.asar/dist/main.1.0c9553d15cea878f670c.js:1:150469)\n    at prepareBoot (/var/lib/snapd/snap/slack/16/usr/lib/slack/resources/app.asar/dist/main.bundle.js:1:1131773)",
    "message": "ENOENT: no such file or directory, open '/home/anirudh/.config/Slack/Cookies'",
    "errno": -2,
    "syscall": "open",
    "code": "ENOENT",
    "path": "/home/anirudh/.config/Slack/Cookies"
  },
  "stackFrameString": "[{\"columnNumber\":3,\"lineNumber\":436,\"fileName\":\"fs.js\",\"functionName\":\"Object.openSync\",\"source\":\"    at Object.openSync (fs.js:436:3)\"},{\"columnNumber\":31,\"lineNumber\":160,\"fileName\":\"ELECTRON_ASAR.js\",\"functionName\":\"Object.module.(anonymous function) [as openSync]\",\"source\":\"    at Object.module.(anonymous function) [as openSync] (ELECTRON_ASAR.js:160:31)\"},{\"columnNumber\":35,\"lineNumber\":341,\"fileName\":\"fs.js\",\"functionName\":\"Object.readFileSync\",\"source\":\"    at Object.readFileSync (fs.js:341:35)\"},{\"columnNumber\":40,\"lineNumber\":580,\"fileName\":\"ELECTRON_ASAR.js\",\"functionName\":\"Object.fs.readFileSync\",\"source\":\"    at Object.fs.readFileSync (ELECTRON_ASAR.js:580:40)\"},{\"columnNumber\":373487,\"lineNumber\":1,\"fileName\":\"/var/lib/snapd/snap/slack/16/usr/lib/slack/resources/app.asar/dist/main.bundle.js\",\"functionName\":\"copySmallFileSync\",\"source\":\"    at copySmallFileSync (/var/lib/snapd/snap/slack/16/usr/lib/slack/resources/app.asar/dist/main.bundle.js:1:373487)\"},{\"columnNumber\":136351,\"lineNumber\":1,\"fileName\":\"/var/lib/snapd/snap/slack/16/usr/lib/slack/resources/app.asar/dist/main.1.0c9553d15cea878f670c.js\",\"functionName\":\"saveStaleCookies\",\"source\":\"    at saveStaleCookies (/var/lib/snapd/snap/slack/16/usr/lib/slack/resources/app.asar/dist/main.1.0c9553d15cea878f670c.js:1:136351)\"},{\"columnNumber\":136479,\"lineNumber\":1,\"fileName\":\"/var/lib/snapd/snap/slack/16/usr/lib/slack/resources/app.asar/dist/main.1.0c9553d15cea878f670c.js\",\"functionName\":\"handleChromiumCookieMigration\",\"source\":\"    at handleChromiumCookieMigration (/var/lib/snapd/snap/slack/16/usr/lib/slack/resources/app.asar/dist/main.1.0c9553d15cea878f670c.js:1:136479)\"},{\"columnNumber\":150469,\"lineNumber\":1,\"fileName\":\"/var/lib/snapd/snap/slack/16/usr/lib/slack/resources/app.asar/dist/main.1.0c9553d15cea878f670c.js\",\"functionName\":\"main\",\"source\":\"    at main (/var/lib/snapd/snap/slack/16/usr/lib/slack/resources/app.asar/dist/main.1.0c9553d15cea878f670c.js:1:150469)\"},{\"columnNumber\":1131773,\"lineNumber\":1,\"fileName\":\"/var/lib/snapd/snap/slack/16/usr/lib/slack/resources/app.asar/dist/main.bundle.js\",\"functionName\":\"prepareBoot\",\"source\":\"    at prepareBoot (/var/lib/snapd/snap/slack/16/usr/lib/slack/resources/app.asar/dist/main.bundle.js:1:1131773)\"}]"
}
[08/23/19, 18:49:35:893] info: BrowserStore: Skip keychain access in Sonic 
[08/23/19, 18:49:35:896] info: Store: persist/REHYDRATE 
[08/23/19, 18:49:35:897] info: UpdaterEpics: Updates disabled because 
{
  "issues": [
    "using Linux"
  ]
}
[08/23/19, 18:49:35:898] info: Store: INITIALIZE 
{
  "resourcePath": "/var/lib/snapd/snap/slack/16/usr/lib/slack/resources/app.asar"
}
[08/23/19, 18:49:35:922] warn: Failed to install protocol handler for slack:// links 
[08/23/19, 18:49:35:964] info: Store: CREATE_WINDOW 
{
  "type": "main"
}
[08/23/19, 18:49:35:966] info: App: Welcome to Slack 0.0.0 x64 
[08/23/19, 18:49:35:966] info: App load time: 0,584222888 
[08/23/19, 18:49:35:984] warn: Couldn't get Linux distro info from lsb_release, trying fallback to get Linux distro info 
{
  "error": {
    "stack": "Error: Command failed: lsb_release -a --short\n/bin/sh: lsb_release: command not found\n\n    at ChildProcess.exithandler (child_process.js:299:12)\n    at ChildProcess.emit (events.js:182:13)\n    at ChildProcess.EventEmitter.emit (domain.js:442:20)\n    at maybeClose (internal/child_process.js:962:16)\n    at Socket.stream.socket.on (internal/child_process.js:381:11)\n    at Socket.emit (events.js:182:13)\n    at Socket.EventEmitter.emit (domain.js:442:20)\n    at Pipe._handle.close (net.js:606:12)",
    "message": "Command failed: lsb_release -a --short\n/bin/sh: lsb_release: command not found\n",
    "killed": false,
    "code": 127,
    "signal": null,
    "cmd": "lsb_release -a --short",
    "stdout": "",
    "stderr": "/bin/sh: lsb_release: command not found\n"
  },
  "stackFrameString": "[{\"columnNumber\":12,\"lineNumber\":299,\"fileName\":\"child_process.js\",\"functionName\":\"ChildProcess.exithandler\",\"source\":\"    at ChildProcess.exithandler (child_process.js:299:12)\"},{\"columnNumber\":13,\"lineNumber\":182,\"fileName\":\"events.js\",\"functionName\":\"ChildProcess.emit\",\"source\":\"    at ChildProcess.emit (events.js:182:13)\"},{\"columnNumber\":20,\"lineNumber\":442,\"fileName\":\"domain.js\",\"functionName\":\"ChildProcess.EventEmitter.emit\",\"source\":\"    at ChildProcess.EventEmitter.emit (domain.js:442:20)\"},{\"columnNumber\":16,\"lineNumber\":962,\"fileName\":\"internal/child_process.js\",\"functionName\":\"maybeClose\",\"source\":\"    at maybeClose (internal/child_process.js:962:16)\"},{\"columnNumber\":11,\"lineNumber\":381,\"fileName\":\"internal/child_process.js\",\"functionName\":\"Socket.stream.socket.on\",\"source\":\"    at Socket.stream.socket.on (internal/child_process.js:381:11)\"},{\"columnNumber\":13,\"lineNumber\":182,\"fileName\":\"events.js\",\"functionName\":\"Socket.emit\",\"source\":\"    at Socket.emit (events.js:182:13)\"},{\"columnNumber\":20,\"lineNumber\":442,\"fileName\":\"domain.js\",\"functionName\":\"Socket.EventEmitter.emit\",\"source\":\"    at Socket.EventEmitter.emit (domain.js:442:20)\"},{\"columnNumber\":12,\"lineNumber\":606,\"fileName\":\"net.js\",\"functionName\":\"Pipe._handle.close\",\"source\":\"    at Pipe._handle.close (net.js:606:12)\"}]"
}
[08/23/19, 18:49:35:890] info: ║      Slack 4.0.1, linux 5.2.1-arch1-1-ARCH on x64 at 08/23/19, 18:49:35:890      ║ 
[08/23/19, 18:49:35:890] info: ╚══════════════════════════════════════════════════════════════════════════════════╝ 
[08/23/19, 18:49:35:891] info: Configured logger via 
{
  "logLevel": "info"
}
[08/23/19, 18:49:35:891] info: Predefined values for process 
{
  "platform": "linux",
  "NODE_ENV": "production",
  "type": "browser",
  "PACKAGE_MANIFEST.productName": "Slack",
  "PACKAGE_MANIFEST.version": "4.0.1",
  "PACKAGE_MANIFEST.versionName": "The Final Countdown",
  "PACKAGE_MANIFEST.commit": "d9a7448",
  "PACKAGE_MANIFEST.branch": "HEAD"
}
[08/23/19, 18:49:36:003] info: Store: READY 
{
  "resourcePath": "/var/lib/snapd/snap/slack/16/usr/lib/slack/resources/app.asar",
  "appVersion": "4.0.1",
  "isGpuCompositionAvailable": true,
  "isTitleBarHidden": false,
  "isSonic": true,
  "platformVersion": {
    "major": 5,
    "minor": 2,
    "build": 1
  },
  "releaseChannel": "prod",
  "sessionId": "Mjk0M2RmZTEtY2MyMi01NjgwLWJhYWItY2MzNTY1YWQ4YmU0XzE1NjY1NjYzNzU4NTU=",
  "versionName": "The Final Countdown",
  "linux": {
    "os": "Arch Linux",
    "name": "Arch Linux ",
    "release": "",
    "codename": ""
  }
}
[08/23/19, 18:49:36:004] info: Store: UPDATE_SETTINGS 
{
  "isSignedIntoSlackOrg": false
}
[08/23/19, 18:49:36:005] info: AutoLoginEpic: Checking for autologin. 
[08/23/19, 18:49:36:006] info: Client Boot Config
	localSettings: undefined
	version: 4.0.1
	productName: Slack
	commandLine:  
[08/23/19, 18:49:36:011] info: Store: TOKEN_FILE_PROCESSED 
[08/23/19, 18:49:36:011] info: AutoLoginEpic: Processing token file for autologin. 
[08/23/19, 18:49:36:011] info: Store: AUTOLOGIN_TEAMS_COMPLETE 
[08/23/19, 18:49:36:011] info: AutoLoginEpic: Setting default sign-in team to null 
[08/23/19, 18:49:36:011] info: Store: UPDATE_SETTINGS 
{
  "defaultSigninTeam": null
}
[08/23/19, 18:49:36:045] info: WebContentsMediator: Attaching to new webContents 
[08/23/19, 18:49:36:052] info: Store: UPSERT_WEB_CONTENTS 
{
  "id": 1,
  "teamId": "app",
  "state": "unloaded"
}
[08/23/19, 18:49:36:070] info: MainWindowEpics: Setting main window ID 
{
  "id": 1
}
[08/23/19, 18:49:36:071] info: Store: WINDOW_CREATED 
{
  "frame": {
    "isFullScreen": false,
    "isMinimized": false,
    "isMaximized": false,
    "isVisible": false,
    "isFocused": false,
    "bounds": {
      "x": 337,
      "y": 114,
      "width": 801,
      "height": 601
    }
  },
  "type": "main",
  "id": 1
}
[08/23/19, 18:49:36:985] info: Team boot count 
{
  "count": 1
}
[08/23/19, 18:49:37:268] info: Store: SET_WINDOW_FRAME 
{
  "id": 1,
  "frame": {
    "bounds": {
      "x": 224,
      "y": 30,
      "width": 1026,
      "height": 769
    },
    "isMaximized": false
  },
  "fromEvent": true
}
[08/23/19, 18:49:37:271] info: Store: SET_WINDOW_FRAME 
{
  "id": 1,
  "frame": {
    "bounds": {
      "x": 224,
      "y": 30,
      "width": 1026,
      "height": 769
    },
    "isMaximized": false
  },
  "fromEvent": true
}
[08/23/19, 18:49:37:436] info: Store: SET_WINDOW_FRAME 
{
  "id": 1,
  "frame": {
    "title": "[REDACTED]"
  },
  "fromEvent": true
}
[08/23/19, 18:49:37:864] info: Store: SET_NETWORK_STATUS online
[08/23/19, 18:49:38:769] info: Store: REDUX_UPDATE_FROM_WEBAPP 
{
  "teams": {
    "T00000000": {
      "bootConfig": {
        "isSonicDisabled": false,
        "isSonicEnabled": false
      },
      "featureFlags": {},
      "locale": "en-US",
      "theme": {
        "titlebarBackground": "#1F0020",
        "titlebarTextColor": "#FFFFFF"
      },
      "unreads": {
        "hasUnreads": false,
        "unreadHighlights": 0,
        "unreads": 0
      }
    }
  }
}
[08/23/19, 18:49:38:770] info: enableSonicNextSessionEpic: Reset the boot Sonic preference 
[08/23/19, 18:49:38:786] info: WebContents LifeCycle: webContents:1 from 'unloaded' to 'loaded' took 2733 ms 
[08/23/19, 18:49:38:786] info: Store: UPSERT_WEB_CONTENTS 
{
  "id": 1,
  "state": "loaded",
  "teamId": "app"
}
[08/23/19, 18:49:38:788] info: initializeMainWindowEpic: Showing main window 
{
  "maximized": false,
  "fullScreen": false
}
[08/23/19, 18:49:38:788] info: Store: SET_WINDOW_FRAME 
{
  "id": 1,
  "frame": {
    "isVisible": true
  },
  "fromEvent": true
}
[08/23/19, 18:49:38:789] info: Store: MAIN_WINDOW_SHOWN 
[08/23/19, 18:49:38:789] info: Store: UPDATE_SETTINGS 
{
  "mainWindowSettings": {
    "fullScreen": false,
    "maximized": false,
    "bounds": {
      "x": 224,
      "y": 30,
      "width": 1026,
      "height": 769
    }
  }
}
[08/23/19, 18:49:38:790] info: UpdaterEpics: Updates disabled because 
{
  "issues": [
    "using Linux"
  ]
}
[08/23/19, 18:49:38:801] warn: Couldn't get Linux distro info from lsb_release, trying fallback to get Linux distro info 
{
  "error": {
    "stack": "Error: Command failed: lsb_release -a --short\n/bin/sh: lsb_release: command not found\n\n    at ChildProcess.exithandler (child_process.js:299:12)\n    at ChildProcess.emit (events.js:182:13)\n    at ChildProcess.EventEmitter.emit (domain.js:442:20)\n    at maybeClose (internal/child_process.js:962:16)\n    at Socket.stream.socket.on (internal/child_process.js:381:11)\n    at Socket.emit (events.js:182:13)\n    at Socket.EventEmitter.emit (domain.js:442:20)\n    at Pipe._handle.close (net.js:606:12)",
    "message": "Command failed: lsb_release -a --short\n/bin/sh: lsb_release: command not found\n",
    "killed": false,
    "code": 127,
    "signal": null,
    "cmd": "lsb_release -a --short",
    "stdout": "",
    "stderr": "/bin/sh: lsb_release: command not found\n"
  },
  "stackFrameString": "[{\"columnNumber\":12,\"lineNumber\":299,\"fileName\":\"child_process.js\",\"functionName\":\"ChildProcess.exithandler\",\"source\":\"    at ChildProcess.exithandler (child_process.js:299:12)\"},{\"columnNumber\":13,\"lineNumber\":182,\"fileName\":\"events.js\",\"functionName\":\"ChildProcess.emit\",\"source\":\"    at ChildProcess.emit (events.js:182:13)\"},{\"columnNumber\":20,\"lineNumber\":442,\"fileName\":\"domain.js\",\"functionName\":\"ChildProcess.EventEmitter.emit\",\"source\":\"    at ChildProcess.EventEmitter.emit (domain.js:442:20)\"},{\"columnNumber\":16,\"lineNumber\":962,\"fileName\":\"internal/child_process.js\",\"functionName\":\"maybeClose\",\"source\":\"    at maybeClose (internal/child_process.js:962:16)\"},{\"columnNumber\":11,\"lineNumber\":381,\"fileName\":\"internal/child_process.js\",\"functionName\":\"Socket.stream.socket.on\",\"source\":\"    at Socket.stream.socket.on (internal/child_process.js:381:11)\"},{\"columnNumber\":13,\"lineNumber\":182,\"fileName\":\"events.js\",\"functionName\":\"Socket.emit\",\"source\":\"    at Socket.emit (events.js:182:13)\"},{\"columnNumber\":20,\"lineNumber\":442,\"fileName\":\"domain.js\",\"functionName\":\"Socket.EventEmitter.emit\",\"source\":\"    at Socket.EventEmitter.emit (domain.js:442:20)\"},{\"columnNumber\":12,\"lineNumber\":606,\"fileName\":\"net.js\",\"functionName\":\"Pipe._handle.close\",\"source\":\"    at Pipe._handle.close (net.js:606:12)\"}]"
}
[08/23/19, 18:49:38:805] info: Store: REDUX_UPDATE_FROM_WEBAPP 
{
  "teams": {
    "T00000000": {
      "bootConfig": {
        "isSonicDisabled": false,
        "isSonicEnabled": true
      }
    }
  }
}
[08/23/19, 18:49:38:806] info: enableSonicNextSessionEpic: Set to boot Sonic 'once' 
[08/23/19, 18:49:38:815] info: Store: SET_WINDOW_FRAME 
{
  "id": 1,
  "frame": {
    "isFocused": true
  },
  "fromEvent": true
}
[08/23/19, 18:49:39:815] info: Store: SET_WINDOW_FRAME 
{
  "id": 1,
  "frame": {
    "bounds": {
      "x": 0,
      "y": 23,
      "width": 813,
      "height": 808
    },
    "isMaximized": false
  },
  "fromEvent": true
}
[08/23/19, 18:49:39:817] info: Store: SET_WINDOW_FRAME 
{
  "id": 1,
  "frame": {
    "bounds": {
      "x": 0,
      "y": 23,
      "width": 813,
      "height": 808
    },
    "isMaximized": false
  },
  "fromEvent": true
}
[08/23/19, 18:49:39:883] info: Store: UPDATE_SETTINGS 
{
  "mainWindowSettings": {
    "fullScreen": false,
    "maximized": false,
    "bounds": {
      "x": 0,
      "y": 23,
      "width": 813,
      "height": 808
    }
  }
}
[08/23/19, 18:49:40:267] info: Store: SET_WINDOW_FRAME 
{
  "id": 1,
  "frame": {
    "isFocused": false
  },
  "fromEvent": true
}
[08/23/19, 18:49:41:587] info: Store: SET_WINDOW_FRAME 
{
  "id": 1,
  "frame": {
    "isFocused": true
  },
  "fromEvent": true
}
[08/23/19, 18:49:43:223] info: Main window closed, consider it a quit action 
{
  "runFromTray": true,
  "keepAppInTaskbar": false
}
[08/23/19, 18:49:43:223] info: Store: QUIT_APP 
[08/23/19, 18:49:43:224] info: Store: SET_WINDOW_FRAME 
{
  "id": 1,
  "frame": {
    "isVisible": false
  },
  "fromEvent": true
}
[08/23/19, 18:49:43:225] info: quitApplicationEpic: Found update metadata, send telemetry 
[08/23/19, 18:49:43:225] info: EpicHelpers: Flushing cookie store 
[08/23/19, 18:49:43:226] info: App: Disposing application 
[08/23/19, 18:49:43:226] info: Store: APP_CLEANED_UP 
[08/23/19, 18:49:43:226] info: Store: DOWNLOADS_CLEANED_UP 
[08/23/19, 18:49:43:238] info: EpicHelpers: Flushing local-settings.json 
[08/23/19, 18:49:43:238] info: LocalSettings: Setting useHwAcceleration to true 
[08/23/19, 18:49:43:242] info: LocalSettings: Setting spellCheckerVersion to V1 
[08/23/19, 18:49:43:249] info: quitApplicationEpic: Disposing item 
{
  "type": "redux_persist_storage_ReduxPersistStorage"
}
[08/23/19, 18:49:43:253] info: WebContents LifeCycle: webContents:1 from 'loaded' to 'page-closed' took 4467 ms 
[08/23/19, 18:49:43:253] info: Store: UPSERT_WEB_CONTENTS 
{
  "id": 1,
  "state": "page-closed",
  "teamId": "app"
}
[08/23/19, 18:49:43:262] info: Store: REMOVE_WINDOW 1
[08/23/19, 18:49:43:263] info: Store: REMOVE_WEB_CONTENTS 
{
  "id": 1,
  "teamId": "app"
}
[08/23/19, 18:49:43:491] error: Tried to close the main window but it does not exist 
[08/23/19, 18:49:43:491] info: quitApplicationEpic: Finished, calling app.quit 
[08/23/19, 18:49:43:492] info: 
+-------------------+--------------+
| FLUSH_COOKIES     | 13.075937ms  |
|-------------------+--------------+
| TEARDOWN_STORE    | 0.071065ms   |
|-------------------+--------------+
| FLUSH_TELEMETRY   | 241.024511ms |
|-------------------+--------------+
| CLOSE_MAIN_WINDOW | 0.172541ms   |
|-------------------+--------------+
| TOTAL             | 266.972343ms |
+-------------------+--------------+ 
[08/23/19, 18:49:46:923] info: ╔══════════════════════════════════════════════════════════════════════════════════╗ 
[08/23/19, 18:49:47:053] info: ╔══════════════════════════════════════════════════════════════════════════════════╗ 
[08/23/19, 18:49:46:924] info: ║      Slack 4.0.1, linux 5.2.1-arch1-1-ARCH on x64 at 08/23/19, 18:49:46:922      ║ 
[08/23/19, 18:49:46:924] info: ╚══════════════════════════════════════════════════════════════════════════════════╝ 
[08/23/19, 18:49:46:925] info: Configured logger via 
{
  "logLevel": "info"
}
[08/23/19, 18:49:46:925] info: Predefined values for process 
{
  "platform": "linux",
  "NODE_ENV": "production",
  "type": "browser",
  "PACKAGE_MANIFEST.productName": "Slack",
  "PACKAGE_MANIFEST.version": "4.0.1",
  "PACKAGE_MANIFEST.versionName": "The Final Countdown",
  "PACKAGE_MANIFEST.commit": "d9a7448",
  "PACKAGE_MANIFEST.branch": "HEAD"
}
[08/23/19, 18:49:47:018] info: Read UUID from file successful 
{
  "uuid": "2943dfe1-cc22-5680-baab-cc3565ad8be4"
}
[08/23/19, 18:49:47:029] error: Locale: Tried to access systemLocale before application was ready 
[08/23/19, 18:49:47:042] info: TraceRecorder: setting up trace recorder, trace will be stored under /home/anirudh/.config/Slack/logs/recorded-trace
[08/23/19, 18:49:47:055] info: BrowserStore: Skip keychain access in Sonic 
[08/23/19, 18:49:47:064] info: Store: persist/REHYDRATE 
{
  "appTeams": {
    "selectedTeamId": null,
    "teamsByIndex": [],
    "teamsToSignOut": []
  },
  "dialog": "[REDACTED]",
  "downloads": "[REDACTED]",
  "enterprise": {},
  "settings": {
    "lastClogForProxyInfo": 0,
    "defaultSigninTeam": null,
    "hasRunApp": false,
    "hasRunFromTray": false,
    "isSignedIntoSlackOrg": false,
    "isUsingBrowserSignin": true,
    "reportIssueOnStartup": false,
    "suppressPermissionDialog": false,
    "whitelistedUrlSchemes": [
      "http:",
      "https:",
      "mailto:",
      "skype:",
      "spotify:",
      "live:",
      "callto:",
      "tel:",
      "im:",
      "sip:",
      "sips:",
      "slack:"
    ],
    "notificationAfterHoverTimeout": 2000,
    "notificationFailover": 0,
    "notificationFailoverEnabled": true,
    "notificationMaxItems": 3,
    "notificationMethod": null,
    "notificationPlayback": null,
    "notificationPresentationCheck": null,
    "notificationStyle": "2018",
    "notificationTimeout": 6000,
    "notificationZoomLevel": null,
    "notifyPosition": {
      "corner": "bottom_right",
      "display": "same_as_app"
    },
    "isOpenExternalShellForced": true,
    "isTitleBarForcedByUser": false,
    "sandboxSigninWindow": false,
    "workspaceIdleTimeout": 43200000,
    "spellcheckerLanguage": null,
    "spellCheckerVersion": "V1",
    "autoHideMenuBar": false,
    "launchOnStartup": null,
    "locale": "en-US",
    "PrefSSBFileDownloadPath": "/home/anirudh/Downloads",
    "runFromTray": true,
    "startNetLogAtLaunch": false,
    "useHwAcceleration": true,
    "zoomLevel": 0,
    "releaseChannelOverride": null,
    "mainWindowSettings": {
      "fullScreen": false,
      "maximized": false,
      "bounds": {
        "x": 0,
        "y": 23,
        "width": 813,
        "height": 808
      }
    }
  },
  "teams": "[REDACTED]",
  "webapp": {
    "teams": {
      "T00000000": {
        "bootConfig": {
          "isSonicDisabled": false,
          "isSonicEnabled": true
        },
        "featureFlags": {},
        "locale": "en-US",
        "theme": {
          "titlebarBackground": "#1F0020",
          "titlebarTextColor": "#FFFFFF"
        },
        "unreads": {
          "hasUnreads": false,
          "unreadHighlights": 0,
          "unreads": 0
        }
      }
    }
  },
  "workspaces": "[REDACTED]",
  "workspacesMeta": {
    "selectedWorkspaceId": null
  }
}
[08/23/19, 18:49:47:066] info: UpdaterEpics: Updates disabled because 
{
  "issues": [
    "using Linux"
  ]
}
[08/23/19, 18:49:47:068] info: Store: INITIALIZE 
{
  "resourcePath": "/var/lib/snapd/snap/slack/16/usr/lib/slack/resources/app.asar"
}
[08/23/19, 18:49:47:093] warn: Failed to install protocol handler for slack:// links 
[08/23/19, 18:49:47:104] info: Store: CREATE_WINDOW 
{
  "type": "main"
}
[08/23/19, 18:49:47:106] info: App: Welcome to Slack 0.0.0 x64 
[08/23/19, 18:49:47:106] info: App load time: 0,278933870 
[08/23/19, 18:49:47:117] warn: Couldn't get Linux distro info from lsb_release, trying fallback to get Linux distro info 
{
  "error": {
    "stack": "Error: Command failed: lsb_release -a --short\n/bin/sh: lsb_release: command not found\n\n    at ChildProcess.exithandler (child_process.js:299:12)\n    at ChildProcess.emit (events.js:182:13)\n    at ChildProcess.EventEmitter.emit (domain.js:442:20)\n    at maybeClose (internal/child_process.js:962:16)\n    at Socket.stream.socket.on (internal/child_process.js:381:11)\n    at Socket.emit (events.js:182:13)\n    at Socket.EventEmitter.emit (domain.js:442:20)\n    at Pipe._handle.close (net.js:606:12)",
    "message": "Command failed: lsb_release -a --short\n/bin/sh: lsb_release: command not found\n",
    "killed": false,
    "code": 127,
    "signal": null,
    "cmd": "lsb_release -a --short",
    "stdout": "",
    "stderr": "/bin/sh: lsb_release: command not found\n"
  },
  "stackFrameString": "[{\"columnNumber\":12,\"lineNumber\":299,\"fileName\":\"child_process.js\",\"functionName\":\"ChildProcess.exithandler\",\"source\":\"    at ChildProcess.exithandler (child_process.js:299:12)\"},{\"columnNumber\":13,\"lineNumber\":182,\"fileName\":\"events.js\",\"functionName\":\"ChildProcess.emit\",\"source\":\"    at ChildProcess.emit (events.js:182:13)\"},{\"columnNumber\":20,\"lineNumber\":442,\"fileName\":\"domain.js\",\"functionName\":\"ChildProcess.EventEmitter.emit\",\"source\":\"    at ChildProcess.EventEmitter.emit (domain.js:442:20)\"},{\"columnNumber\":16,\"lineNumber\":962,\"fileName\":\"internal/child_process.js\",\"functionName\":\"maybeClose\",\"source\":\"    at maybeClose (internal/child_process.js:962:16)\"},{\"columnNumber\":11,\"lineNumber\":381,\"fileName\":\"internal/child_process.js\",\"functionName\":\"Socket.stream.socket.on\",\"source\":\"    at Socket.stream.socket.on (internal/child_process.js:381:11)\"},{\"columnNumber\":13,\"lineNumber\":182,\"fileName\":\"events.js\",\"functionName\":\"Socket.emit\",\"source\":\"    at Socket.emit (events.js:182:13)\"},{\"columnNumber\":20,\"lineNumber\":442,\"fileName\":\"domain.js\",\"functionName\":\"Socket.EventEmitter.emit\",\"source\":\"    at Socket.EventEmitter.emit (domain.js:442:20)\"},{\"columnNumber\":12,\"lineNumber\":606,\"fileName\":\"net.js\",\"functionName\":\"Pipe._handle.close\",\"source\":\"    at Pipe._handle.close (net.js:606:12)\"}]"
}
[08/23/19, 18:49:47:053] info: ║      Slack 4.0.1, linux 5.2.1-arch1-1-ARCH on x64 at 08/23/19, 18:49:47:053      ║ 
[08/23/19, 18:49:47:053] info: ╚══════════════════════════════════════════════════════════════════════════════════╝ 
[08/23/19, 18:49:47:053] info: Configured logger via 
{
  "logLevel": "info"
}
[08/23/19, 18:49:47:053] info: Predefined values for process 
{
  "platform": "linux",
  "NODE_ENV": "production",
  "type": "browser",
  "PACKAGE_MANIFEST.productName": "Slack",
  "PACKAGE_MANIFEST.version": "4.0.1",
  "PACKAGE_MANIFEST.versionName": "The Final Countdown",
  "PACKAGE_MANIFEST.commit": "d9a7448",
  "PACKAGE_MANIFEST.branch": "HEAD"
}
[08/23/19, 18:49:47:134] info: Store: READY 
{
  "resourcePath": "/var/lib/snapd/snap/slack/16/usr/lib/slack/resources/app.asar",
  "appVersion": "4.0.1",
  "isGpuCompositionAvailable": true,
  "isTitleBarHidden": false,
  "isSonic": true,
  "platformVersion": {
    "major": 5,
    "minor": 2,
    "build": 1
  },
  "releaseChannel": "prod",
  "sessionId": "Mjk0M2RmZTEtY2MyMi01NjgwLWJhYWItY2MzNTY1YWQ4YmU0XzE1NjY1NjYzODcwMTg=",
  "versionName": "The Final Countdown",
  "linux": {
    "os": "Arch Linux",
    "name": "Arch Linux ",
    "release": "",
    "codename": ""
  }
}
[08/23/19, 18:49:47:135] info: Store: UPDATE_SETTINGS 
{
  "isSignedIntoSlackOrg": false
}
[08/23/19, 18:49:47:137] info: AutoLoginEpic: Checking for autologin. 
[08/23/19, 18:49:47:138] info: Client Boot Config
	localSettings: once
	version: 4.0.1
	productName: Slack
	commandLine:  
[08/23/19, 18:49:47:147] info: Store: TOKEN_FILE_PROCESSED 
[08/23/19, 18:49:47:147] info: AutoLoginEpic: Processing token file for autologin. 
[08/23/19, 18:49:47:147] info: Store: AUTOLOGIN_TEAMS_COMPLETE 
[08/23/19, 18:49:47:147] info: AutoLoginEpic: Setting default sign-in team to null 
[08/23/19, 18:49:47:148] info: Store: UPDATE_SETTINGS 
{
  "defaultSigninTeam": null
}
[08/23/19, 18:49:47:154] info: WebContentsMediator: Attaching to new webContents 
[08/23/19, 18:49:47:160] info: Store: UPSERT_WEB_CONTENTS 
{
  "id": 1,
  "teamId": "app",
  "state": "unloaded"
}
[08/23/19, 18:49:47:165] info: MainWindowEpics: Setting main window ID 
{
  "id": 1
}
[08/23/19, 18:49:47:166] info: Store: WINDOW_CREATED 
{
  "frame": {
    "isFullScreen": false,
    "isMinimized": false,
    "isMaximized": false,
    "isVisible": false,
    "isFocused": false,
    "bounds": {
      "x": 0,
      "y": 22,
      "width": 815,
      "height": 812
    }
  },
  "type": "main",
  "id": 1
}
[08/23/19, 18:49:47:763] info: Team boot count 
{
  "count": 1
}
[08/23/19, 18:49:47:808] info: Store: SET_WINDOW_FRAME 
{
  "id": 1,
  "frame": {
    "title": "[REDACTED]"
  },
  "fromEvent": true
}
[08/23/19, 18:49:48:200] info: Store: SET_WINDOW_FRAME 
{
  "id": 1,
  "frame": {
    "bounds": {
      "x": 0,
      "y": 21,
      "width": 814,
      "height": 809
    },
    "isMaximized": false
  },
  "fromEvent": true
}
[08/23/19, 18:49:48:200] info: Store: SET_WINDOW_FRAME 
{
  "id": 1,
  "frame": {
    "bounds": {
      "x": 0,
      "y": 21,
      "width": 814,
      "height": 809
    },
    "isMaximized": false
  },
  "fromEvent": true
}
[08/23/19, 18:49:49:214] info: Store: REDUX_UPDATE_FROM_WEBAPP 
{
  "teams": {
    "T00000000": {
      "bootConfig": {
        "isSonicDisabled": false,
        "isSonicEnabled": false
      },
      "featureFlags": {},
      "locale": "en-US",
      "theme": {
        "titlebarBackground": "#1F0020",
        "titlebarTextColor": "#FFFFFF"
      },
      "unreads": {
        "hasUnreads": false,
        "unreadHighlights": 0,
        "unreads": 0
      }
    }
  }
}
[08/23/19, 18:49:49:215] info: enableSonicNextSessionEpic: Reset the boot Sonic preference 
[08/23/19, 18:49:49:255] info: WebContents LifeCycle: webContents:1 from 'unloaded' to 'loaded' took 2094 ms 
[08/23/19, 18:49:49:255] info: Store: UPSERT_WEB_CONTENTS 
{
  "id": 1,
  "state": "loaded",
  "teamId": "app"
}
[08/23/19, 18:49:49:257] info: initializeMainWindowEpic: Showing main window 
{
  "maximized": false,
  "fullScreen": false
}
[08/23/19, 18:49:49:258] info: Store: SET_WINDOW_FRAME 
{
  "id": 1,
  "frame": {
    "isVisible": true
  },
  "fromEvent": true
}
[08/23/19, 18:49:49:259] info: Store: MAIN_WINDOW_SHOWN 
[08/23/19, 18:49:49:260] info: Store: UPDATE_SETTINGS 
{
  "mainWindowSettings": {
    "fullScreen": false,
    "maximized": false,
    "bounds": {
      "x": 0,
      "y": 21,
      "width": 814,
      "height": 809
    }
  }
}
[08/23/19, 18:49:49:261] info: UpdaterEpics: Updates disabled because 
{
  "issues": [
    "using Linux"
  ]
}
[08/23/19, 18:49:49:270] warn: Couldn't get Linux distro info from lsb_release, trying fallback to get Linux distro info 
{
  "error": {
    "stack": "Error: Command failed: lsb_release -a --short\n/bin/sh: lsb_release: command not found\n\n    at ChildProcess.exithandler (child_process.js:299:12)\n    at ChildProcess.emit (events.js:182:13)\n    at ChildProcess.EventEmitter.emit (domain.js:442:20)\n    at maybeClose (internal/child_process.js:962:16)\n    at Socket.stream.socket.on (internal/child_process.js:381:11)\n    at Socket.emit (events.js:182:13)\n    at Socket.EventEmitter.emit (domain.js:442:20)\n    at Pipe._handle.close (net.js:606:12)",
    "message": "Command failed: lsb_release -a --short\n/bin/sh: lsb_release: command not found\n",
    "killed": false,
    "code": 127,
    "signal": null,
    "cmd": "lsb_release -a --short",
    "stdout": "",
    "stderr": "/bin/sh: lsb_release: command not found\n"
  },
  "stackFrameString": "[{\"columnNumber\":12,\"lineNumber\":299,\"fileName\":\"child_process.js\",\"functionName\":\"ChildProcess.exithandler\",\"source\":\"    at ChildProcess.exithandler (child_process.js:299:12)\"},{\"columnNumber\":13,\"lineNumber\":182,\"fileName\":\"events.js\",\"functionName\":\"ChildProcess.emit\",\"source\":\"    at ChildProcess.emit (events.js:182:13)\"},{\"columnNumber\":20,\"lineNumber\":442,\"fileName\":\"domain.js\",\"functionName\":\"ChildProcess.EventEmitter.emit\",\"source\":\"    at ChildProcess.EventEmitter.emit (domain.js:442:20)\"},{\"columnNumber\":16,\"lineNumber\":962,\"fileName\":\"internal/child_process.js\",\"functionName\":\"maybeClose\",\"source\":\"    at maybeClose (internal/child_process.js:962:16)\"},{\"columnNumber\":11,\"lineNumber\":381,\"fileName\":\"internal/child_process.js\",\"functionName\":\"Socket.stream.socket.on\",\"source\":\"    at Socket.stream.socket.on (internal/child_process.js:381:11)\"},{\"columnNumber\":13,\"lineNumber\":182,\"fileName\":\"events.js\",\"functionName\":\"Socket.emit\",\"source\":\"    at Socket.emit (events.js:182:13)\"},{\"columnNumber\":20,\"lineNumber\":442,\"fileName\":\"domain.js\",\"functionName\":\"Socket.EventEmitter.emit\",\"source\":\"    at Socket.EventEmitter.emit (domain.js:442:20)\"},{\"columnNumber\":12,\"lineNumber\":606,\"fileName\":\"net.js\",\"functionName\":\"Pipe._handle.close\",\"source\":\"    at Pipe._handle.close (net.js:606:12)\"}]"
}
[08/23/19, 18:49:49:274] info: Store: REDUX_UPDATE_FROM_WEBAPP 
{
  "teams": {
    "T00000000": {
      "bootConfig": {
        "isSonicDisabled": false,
        "isSonicEnabled": true
      }
    }
  }
}
[08/23/19, 18:49:49:275] info: enableSonicNextSessionEpic: Set to boot Sonic 'once' 
[08/23/19, 18:49:49:284] info: Store: SET_WINDOW_FRAME 
{
  "id": 1,
  "frame": {
    "isFocused": true
  },
  "fromEvent": true
}
[08/23/19, 18:49:49:519] info: Store: SET_NETWORK_STATUS online
[08/23/19, 18:49:50:285] info: Store: SET_WINDOW_FRAME 
{
  "id": 1,
  "frame": {
    "bounds": {
      "x": 0,
      "y": 23,
      "width": 813,
      "height": 808
    },
    "isMaximized": false
  },
  "fromEvent": true
}
[08/23/19, 18:49:50:287] info: Store: SET_WINDOW_FRAME 
{
  "id": 1,
  "frame": {
    "bounds": {
      "x": 0,
      "y": 23,
      "width": 813,
      "height": 808
    },
    "isMaximized": false
  },
  "fromEvent": true
}
[08/23/19, 18:49:50:351] info: Store: UPDATE_SETTINGS 
{
  "mainWindowSettings": {
    "fullScreen": false,
    "maximized": false,
    "bounds": {
      "x": 0,
      "y": 23,
      "width": 813,
      "height": 808
    }
  }
}
[08/23/19, 18:49:51:484] info: Store: SET_WINDOW_FRAME 
{
  "id": 1,
  "frame": {
    "isFocused": false
  },
  "fromEvent": true
}
[08/23/19, 18:49:52:804] info: Store: SET_WINDOW_FRAME 
{
  "id": 1,
  "frame": {
    "isFocused": true
  },
  "fromEvent": true
}
[08/23/19, 18:49:53:618] info: Main window closed, consider it a quit action 
{
  "runFromTray": true,
  "keepAppInTaskbar": false
}
[08/23/19, 18:49:53:618] info: Store: QUIT_APP 
[08/23/19, 18:49:53:620] info: Store: SET_WINDOW_FRAME 
{
  "id": 1,
  "frame": {
    "isVisible": false
  },
  "fromEvent": true
}
[08/23/19, 18:49:53:620] info: quitApplicationEpic: Found update metadata, send telemetry 
[08/23/19, 18:49:53:621] info: EpicHelpers: Flushing cookie store 
[08/23/19, 18:49:53:621] info: App: Disposing application 
[08/23/19, 18:49:53:621] info: Store: APP_CLEANED_UP 
[08/23/19, 18:49:53:622] info: Store: DOWNLOADS_CLEANED_UP 
[08/23/19, 18:49:53:628] info: WebContents LifeCycle: webContents:1 from 'loaded' to 'page-closed' took 4373 ms 
[08/23/19, 18:49:53:629] info: Store: UPSERT_WEB_CONTENTS 
{
  "id": 1,
  "state": "page-closed",
  "teamId": "app"
}
[08/23/19, 18:49:53:638] info: Store: REMOVE_WINDOW 1
[08/23/19, 18:49:53:639] info: Store: REMOVE_WEB_CONTENTS 
{
  "id": 1,
  "teamId": "app"
}
[08/23/19, 18:49:53:641] info: EpicHelpers: Flushing local-settings.json 
[08/23/19, 18:49:53:642] info: quitApplicationEpic: Disposing item 
{
  "type": "redux_persist_storage_ReduxPersistStorage"
}
[08/23/19, 18:49:53:883] error: Tried to close the main window but it does not exist 
[08/23/19, 18:49:53:883] info: quitApplicationEpic: Finished, calling app.quit 
[08/23/19, 18:49:53:884] info: 
+-------------------+--------------+
| FLUSH_COOKIES     | 20.184652ms  |
|-------------------+--------------+
| TEARDOWN_STORE    | 0.073024ms   |
|-------------------+--------------+
| FLUSH_TELEMETRY   | 240.461234ms |
|-------------------+--------------+
| CLOSE_MAIN_WINDOW | 0.176682ms   |
|-------------------+--------------+
| TOTAL             | 263.721208ms |
+-------------------+--------------+ 
[08/23/19, 18:49:57:340] info: ╔══════════════════════════════════════════════════════════════════════════════════╗ 
[08/23/19, 18:49:57:469] info: ╔══════════════════════════════════════════════════════════════════════════════════╗ 
[08/23/19, 18:49:57:340] info: ║      Slack 4.0.2, linux 5.2.1-arch1-1-ARCH on x64 at 08/23/19, 18:49:57:339      ║ 
[08/23/19, 18:49:57:340] info: ╚══════════════════════════════════════════════════════════════════════════════════╝ 
[08/23/19, 18:49:57:341] info: Configured logger via 
{
  "logLevel": "info"
}
[08/23/19, 18:49:57:341] info: Predefined values for process 
{
  "platform": "linux",
  "NODE_ENV": "production",
  "type": "browser",
  "PACKAGE_MANIFEST.productName": "Slack",
  "PACKAGE_MANIFEST.version": "4.0.2",
  "PACKAGE_MANIFEST.versionName": "The Final Countdown",
  "PACKAGE_MANIFEST.commit": "8900f04",
  "PACKAGE_MANIFEST.branch": "HEAD"
}
[08/23/19, 18:49:57:431] info: Read UUID from file successful 
{
  "uuid": "2943dfe1-cc22-5680-baab-cc3565ad8be4"
}
[08/23/19, 18:49:57:440] error: Locale: Tried to access systemLocale before application was ready 
[08/23/19, 18:49:57:453] info: TraceRecorder: setting up trace recorder, trace will be stored under /home/anirudh/.config/Slack/logs/recorded-trace
[08/23/19, 18:49:57:471] info: BrowserStore: Skip keychain access in Sonic 
[08/23/19, 18:49:57:479] info: Store: persist/REHYDRATE 
{
  "appTeams": {
    "selectedTeamId": null,
    "teamsByIndex": [],
    "teamsToSignOut": []
  },
  "dialog": "[REDACTED]",
  "downloads": "[REDACTED]",
  "enterprise": {},
  "settings": {
    "lastClogForProxyInfo": 0,
    "defaultSigninTeam": null,
    "hasRunApp": false,
    "hasRunFromTray": false,
    "isSignedIntoSlackOrg": false,
    "isUsingBrowserSignin": true,
    "reportIssueOnStartup": false,
    "suppressPermissionDialog": false,
    "whitelistedUrlSchemes": [
      "http:",
      "https:",
      "mailto:",
      "skype:",
      "spotify:",
      "live:",
      "callto:",
      "tel:",
      "im:",
      "sip:",
      "sips:",
      "slack:"
    ],
    "notificationAfterHoverTimeout": 2000,
    "notificationFailover": 0,
    "notificationFailoverEnabled": true,
    "notificationMaxItems": 3,
    "notificationMethod": null,
    "notificationPlayback": null,
    "notificationPresentationCheck": null,
    "notificationStyle": "2018",
    "notificationTimeout": 6000,
    "notificationZoomLevel": null,
    "notifyPosition": {
      "corner": "bottom_right",
      "display": "same_as_app"
    },
    "isOpenExternalShellForced": true,
    "isTitleBarForcedByUser": false,
    "sandboxSigninWindow": false,
    "workspaceIdleTimeout": 43200000,
    "spellcheckerLanguage": null,
    "spellCheckerVersion": "V1",
    "autoHideMenuBar": false,
    "launchOnStartup": null,
    "locale": "en-US",
    "PrefSSBFileDownloadPath": "/home/anirudh/Downloads",
    "runFromTray": true,
    "startNetLogAtLaunch": false,
    "useHwAcceleration": true,
    "zoomLevel": 0,
    "releaseChannelOverride": null,
    "mainWindowSettings": {
      "fullScreen": false,
      "maximized": false,
      "bounds": {
        "x": 0,
        "y": 23,
        "width": 813,
        "height": 808
      }
    }
  },
  "teams": "[REDACTED]",
  "webapp": {
    "teams": {
      "T00000000": {
        "theme": {
          "titlebarBackground": "#1F0020",
          "titlebarTextColor": "#FFFFFF"
        },
        "featureFlags": {},
        "bootConfig": {
          "isSonicEnabled": false,
          "isSonicDisabled": false
        },
        "unreads": {
          "unreads": 0,
          "unreadHighlights": 0,
          "showBullet": false
        }
      }
    }
  },
  "workspaces": "[REDACTED]",
  "workspacesMeta": {
    "selectedWorkspaceId": null
  }
}
[08/23/19, 18:49:57:483] info: UpdaterEpics: Updates disabled because 
{
  "issues": [
    "using Linux"
  ]
}
[08/23/19, 18:49:57:483] info: Store: INITIALIZE 
{
  "resourcePath": "/var/lib/snapd/snap/slack/17/usr/lib/slack/resources/app.asar"
}
[08/23/19, 18:49:57:508] warn: Failed to install protocol handler for slack:// links 
[08/23/19, 18:49:57:546] info: Store: CREATE_WINDOW 
{
  "type": "main"
}
[08/23/19, 18:49:57:547] info: App: Welcome to Slack 0.0.0 x64 
[08/23/19, 18:49:57:547] info: App load time: 0,551444953 
[08/23/19, 18:49:57:569] warn: Couldn't get Linux distro info from lsb_release, trying fallback to get Linux distro info 
{
  "error": {
    "stack": "Error: Command failed: lsb_release -a --short\n/bin/sh: lsb_release: command not found\n\n    at ChildProcess.exithandler (child_process.js:299:12)\n    at ChildProcess.emit (events.js:182:13)\n    at ChildProcess.EventEmitter.emit (domain.js:442:20)\n    at maybeClose (internal/child_process.js:962:16)\n    at Socket.stream.socket.on (internal/child_process.js:381:11)\n    at Socket.emit (events.js:182:13)\n    at Socket.EventEmitter.emit (domain.js:442:20)\n    at Pipe._handle.close (net.js:606:12)",
    "message": "Command failed: lsb_release -a --short\n/bin/sh: lsb_release: command not found\n",
    "killed": false,
    "code": 127,
    "signal": null,
    "cmd": "lsb_release -a --short",
    "stdout": "",
    "stderr": "/bin/sh: lsb_release: command not found\n"
  },
  "stackFrameString": "[{\"columnNumber\":12,\"lineNumber\":299,\"fileName\":\"child_process.js\",\"functionName\":\"ChildProcess.exithandler\",\"source\":\"    at ChildProcess.exithandler (child_process.js:299:12)\"},{\"columnNumber\":13,\"lineNumber\":182,\"fileName\":\"events.js\",\"functionName\":\"ChildProcess.emit\",\"source\":\"    at ChildProcess.emit (events.js:182:13)\"},{\"columnNumber\":20,\"lineNumber\":442,\"fileName\":\"domain.js\",\"functionName\":\"ChildProcess.EventEmitter.emit\",\"source\":\"    at ChildProcess.EventEmitter.emit (domain.js:442:20)\"},{\"columnNumber\":16,\"lineNumber\":962,\"fileName\":\"internal/child_process.js\",\"functionName\":\"maybeClose\",\"source\":\"    at maybeClose (internal/child_process.js:962:16)\"},{\"columnNumber\":11,\"lineNumber\":381,\"fileName\":\"internal/child_process.js\",\"functionName\":\"Socket.stream.socket.on\",\"source\":\"    at Socket.stream.socket.on (internal/child_process.js:381:11)\"},{\"columnNumber\":13,\"lineNumber\":182,\"fileName\":\"events.js\",\"functionName\":\"Socket.emit\",\"source\":\"    at Socket.emit (events.js:182:13)\"},{\"columnNumber\":20,\"lineNumber\":442,\"fileName\":\"domain.js\",\"functionName\":\"Socket.EventEmitter.emit\",\"source\":\"    at Socket.EventEmitter.emit (domain.js:442:20)\"},{\"columnNumber\":12,\"lineNumber\":606,\"fileName\":\"net.js\",\"functionName\":\"Pipe._handle.close\",\"source\":\"    at Pipe._handle.close (net.js:606:12)\"}]"
}
[08/23/19, 18:49:57:469] info: ║      Slack 4.0.2, linux 5.2.1-arch1-1-ARCH on x64 at 08/23/19, 18:49:57:469      ║ 
[08/23/19, 18:49:57:469] info: ╚══════════════════════════════════════════════════════════════════════════════════╝ 
[08/23/19, 18:49:57:469] info: Configured logger via 
{
  "logLevel": "info"
}
[08/23/19, 18:49:57:469] info: Predefined values for process 
{
  "platform": "linux",
  "NODE_ENV": "production",
  "type": "browser",
  "PACKAGE_MANIFEST.productName": "Slack",
  "PACKAGE_MANIFEST.version": "4.0.2",
  "PACKAGE_MANIFEST.versionName": "The Final Countdown",
  "PACKAGE_MANIFEST.commit": "8900f04",
  "PACKAGE_MANIFEST.branch": "HEAD"
}
[08/23/19, 18:49:57:586] info: Store: READY 
{
  "resourcePath": "/var/lib/snapd/snap/slack/17/usr/lib/slack/resources/app.asar",
  "appVersion": "4.0.2",
  "isGpuCompositionAvailable": true,
  "isTitleBarHidden": false,
  "isSonic": true,
  "platformVersion": {
    "major": 5,
    "minor": 2,
    "build": 1
  },
  "releaseChannel": "prod",
  "sessionId": "Mjk0M2RmZTEtY2MyMi01NjgwLWJhYWItY2MzNTY1YWQ4YmU0XzE1NjY1NjYzOTc0MzI=",
  "versionName": "The Final Countdown",
  "linux": {
    "os": "Arch Linux",
    "name": "Arch Linux ",
    "release": "",
    "codename": ""
  }
}
[08/23/19, 18:49:57:588] info: Store: UPDATE_SETTINGS 
{
  "isSignedIntoSlackOrg": false
}
[08/23/19, 18:49:57:589] info: AutoLoginEpic: Checking for autologin. 
[08/23/19, 18:49:57:590] info: Client Boot Config
	localSettings: once
	version: 4.0.2
	productName: Slack
	commandLine:  
[08/23/19, 18:49:57:595] info: Store: UPDATE_SETTINGS 
{
  "launchOnStartup": false,
  "hasRunApp": true
}
[08/23/19, 18:49:57:603] info: Store: TOKEN_FILE_PROCESSED 
[08/23/19, 18:49:57:603] info: AutoLoginEpic: Processing token file for autologin. 
[08/23/19, 18:49:57:604] info: Store: AUTOLOGIN_TEAMS_COMPLETE 
[08/23/19, 18:49:57:604] info: AutoLoginEpic: Setting default sign-in team to null 
[08/23/19, 18:49:57:604] info: Store: UPDATE_SETTINGS 
{
  "defaultSigninTeam": null
}
[08/23/19, 18:49:57:637] info: WebContentsMediator: Attaching to new webContents 
[08/23/19, 18:49:57:643] info: Store: UPSERT_WEB_CONTENTS 
{
  "id": 1,
  "teamId": "app",
  "state": "unloaded"
}
[08/23/19, 18:49:57:661] info: MainWindowEpics: Setting main window ID 
{
  "id": 1
}
[08/23/19, 18:49:57:662] info: Store: WINDOW_CREATED 
{
  "frame": {
    "isFullScreen": false,
    "isMinimized": false,
    "isMaximized": false,
    "isVisible": false,
    "isFocused": false,
    "bounds": {
      "x": 0,
      "y": 22,
      "width": 815,
      "height": 812
    }
  },
  "type": "main",
  "id": 1
}
[08/23/19, 18:49:57:681] warn: Couldn't get Linux distro info from lsb_release, trying fallback to get Linux distro info 
{
  "error": {
    "stack": "Error: Command failed: lsb_release -a --short\n/bin/sh: lsb_release: command not found\n\n    at ChildProcess.exithandler (child_process.js:299:12)\n    at ChildProcess.emit (events.js:182:13)\n    at ChildProcess.EventEmitter.emit (domain.js:442:20)\n    at maybeClose (internal/child_process.js:962:16)\n    at Socket.stream.socket.on (internal/child_process.js:381:11)\n    at Socket.emit (events.js:182:13)\n    at Socket.EventEmitter.emit (domain.js:442:20)\n    at Pipe._handle.close (net.js:606:12)",
    "message": "Command failed: lsb_release -a --short\n/bin/sh: lsb_release: command not found\n",
    "killed": false,
    "code": 127,
    "signal": null,
    "cmd": "lsb_release -a --short",
    "stdout": "",
    "stderr": "/bin/sh: lsb_release: command not found\n"
  },
  "stackFrameString": "[{\"columnNumber\":12,\"lineNumber\":299,\"fileName\":\"child_process.js\",\"functionName\":\"ChildProcess.exithandler\",\"source\":\"    at ChildProcess.exithandler (child_process.js:299:12)\"},{\"columnNumber\":13,\"lineNumber\":182,\"fileName\":\"events.js\",\"functionName\":\"ChildProcess.emit\",\"source\":\"    at ChildProcess.emit (events.js:182:13)\"},{\"columnNumber\":20,\"lineNumber\":442,\"fileName\":\"domain.js\",\"functionName\":\"ChildProcess.EventEmitter.emit\",\"source\":\"    at ChildProcess.EventEmitter.emit (domain.js:442:20)\"},{\"columnNumber\":16,\"lineNumber\":962,\"fileName\":\"internal/child_process.js\",\"functionName\":\"maybeClose\",\"source\":\"    at maybeClose (internal/child_process.js:962:16)\"},{\"columnNumber\":11,\"lineNumber\":381,\"fileName\":\"internal/child_process.js\",\"functionName\":\"Socket.stream.socket.on\",\"source\":\"    at Socket.stream.socket.on (internal/child_process.js:381:11)\"},{\"columnNumber\":13,\"lineNumber\":182,\"fileName\":\"events.js\",\"functionName\":\"Socket.emit\",\"source\":\"    at Socket.emit (events.js:182:13)\"},{\"columnNumber\":20,\"lineNumber\":442,\"fileName\":\"domain.js\",\"functionName\":\"Socket.EventEmitter.emit\",\"source\":\"    at Socket.EventEmitter.emit (domain.js:442:20)\"},{\"columnNumber\":12,\"lineNumber\":606,\"fileName\":\"net.js\",\"functionName\":\"Pipe._handle.close\",\"source\":\"    at Pipe._handle.close (net.js:606:12)\"}]"
}
[08/23/19, 18:49:58:535] info: Team boot count 
{
  "count": 1
}
[08/23/19, 18:49:58:604] info: Store: SET_WINDOW_FRAME 
{
  "id": 1,
  "frame": {
    "title": "[REDACTED]"
  },
  "fromEvent": true
}
[08/23/19, 18:49:58:842] info: Store: SET_WINDOW_FRAME 
{
  "id": 1,
  "frame": {
    "bounds": {
      "x": 0,
      "y": 21,
      "width": 814,
      "height": 809
    },
    "isMaximized": false
  },
  "fromEvent": true
}
[08/23/19, 18:49:58:845] info: Store: SET_WINDOW_FRAME 
{
  "id": 1,
  "frame": {
    "bounds": {
      "x": 0,
      "y": 21,
      "width": 814,
      "height": 809
    },
    "isMaximized": false
  },
  "fromEvent": true
}
[08/23/19, 18:49:59:379] info: Store: REDUX_UPDATE_FROM_WEBAPP 
{
  "teams": {
    "T00000000": {
      "bootConfig": {
        "isSonicDisabled": false,
        "isSonicEnabled": false
      },
      "featureFlags": {},
      "locale": "en-US",
      "theme": {
        "titlebarBackground": "#1F0020",
        "titlebarTextColor": "#FFFFFF"
      },
      "unreads": {
        "hasUnreads": false,
        "unreadHighlights": 0,
        "unreads": 0
      }
    }
  }
}
[08/23/19, 18:49:59:380] info: enableSonicNextSessionEpic: Reset the boot Sonic preference 
[08/23/19, 18:49:59:404] info: WebContents LifeCycle: webContents:1 from 'unloaded' to 'loaded' took 1759 ms 
[08/23/19, 18:49:59:404] info: Store: UPSERT_WEB_CONTENTS 
{
  "id": 1,
  "state": "loaded",
  "teamId": "app"
}
[08/23/19, 18:49:59:406] info: initializeMainWindowEpic: Showing main window 
{
  "maximized": false,
  "shouldHide": false,
  "fullScreen": false
}
[08/23/19, 18:49:59:406] info: Store: SET_WINDOW_FRAME 
{
  "id": 1,
  "frame": {
    "isVisible": true
  },
  "fromEvent": true
}
[08/23/19, 18:49:59:407] info: Store: MAIN_WINDOW_SHOWN 
[08/23/19, 18:49:59:408] info: Store: UPDATE_SETTINGS 
{
  "mainWindowSettings": {
    "fullScreen": false,
    "maximized": false,
    "bounds": {
      "x": 0,
      "y": 21,
      "width": 814,
      "height": 809
    }
  }
}
[08/23/19, 18:49:59:410] info: UpdaterEpics: Updates disabled because 
{
  "issues": [
    "using Linux"
  ]
}
[08/23/19, 18:49:59:416] info: Store: REDUX_UPDATE_FROM_WEBAPP 
{
  "teams": {
    "T00000000": {
      "bootConfig": {
        "isSonicDisabled": false,
        "isSonicEnabled": true
      }
    }
  }
}
[08/23/19, 18:49:59:416] info: enableSonicNextSessionEpic: Set to boot Sonic 'once' 
[08/23/19, 18:49:59:422] info: Store: SET_WINDOW_FRAME 
{
  "id": 1,
  "frame": {
    "isFocused": true
  },
  "fromEvent": true
}
[08/23/19, 18:49:59:676] info: Store: SET_NETWORK_STATUS online
[08/23/19, 18:50:00:417] info: Store: SET_WINDOW_FRAME 
{
  "id": 1,
  "frame": {
    "bounds": {
      "x": 0,
      "y": 23,
      "width": 1477,
      "height": 808
    },
    "isMaximized": false
  },
  "fromEvent": true
}
[08/23/19, 18:50:00:425] info: Store: SET_WINDOW_FRAME 
{
  "id": 1,
  "frame": {
    "bounds": {
      "x": 0,
      "y": 23,
      "width": 1477,
      "height": 808
    },
    "isMaximized": false
  },
  "fromEvent": true
}
[08/23/19, 18:50:00:491] info: Store: UPDATE_SETTINGS 
{
  "mainWindowSettings": {
    "fullScreen": false,
    "maximized": false,
    "bounds": {
      "x": 0,
      "y": 23,
      "width": 1477,
      "height": 808
    }
  }
}
[08/23/19, 18:50:01:863] info: Store: SET_WINDOW_FRAME 
{
  "id": 1,
  "frame": {
    "isFocused": false
  },
  "fromEvent": true
}
[08/23/19, 18:50:02:864] info: Store: SET_WINDOW_FRAME 
{
  "id": 1,
  "frame": {
    "bounds": {
      "x": 812,
      "y": 23,
      "width": 665,
      "height": 808
    },
    "isMaximized": false
  },
  "fromEvent": true
}
[08/23/19, 18:50:02:865] info: Store: SET_WINDOW_FRAME 
{
  "id": 1,
  "frame": {
    "bounds": {
      "x": 812,
      "y": 23,
      "width": 665,
      "height": 808
    },
    "isMaximized": false
  },
  "fromEvent": true
}
[08/23/19, 18:50:02:929] info: Store: UPDATE_SETTINGS 
{
  "mainWindowSettings": {
    "fullScreen": false,
    "maximized": false,
    "bounds": {
      "x": 812,
      "y": 23,
      "width": 665,
      "height": 808
    }
  }
}
[08/23/19, 18:50:57:588] info: Store: UPDATE_SETTINGS 
{
  "lastClogForProxyInfo": 1566566457588
}
[08/23/19, 18:51:19:422] info: Store: SET_SYSTEM_IDLE idle_taskbar
[08/23/19, 18:51:39:342] info: Store: SET_WINDOW_FRAME 
{
  "id": 1,
  "frame": {
    "isFocused": true
  },
  "fromEvent": true
}
[08/23/19, 18:51:39:424] info: Store: SET_SYSTEM_IDLE active
[08/23/19, 18:51:40:021] info: Store: SET_WINDOW_FRAME 
{
  "id": 1,
  "frame": {
    "isFocused": false
  },
  "fromEvent": true
}
[08/23/19, 18:51:41:563] info: Store: SET_WINDOW_FRAME 
{
  "id": 1,
  "frame": {
    "isFocused": true
  },
  "fromEvent": true
}
[08/23/19, 18:51:41:878] info: Store: SET_WINDOW_FRAME 
{
  "id": 1,
  "frame": {
    "isFocused": false
  },
  "fromEvent": true
}
[08/23/19, 18:51:43:151] info: Store: SET_WINDOW_FRAME 
{
  "id": 1,
  "frame": {
    "isFocused": true
  },
  "fromEvent": true
}
[08/23/19, 18:51:43:322] info: Store: SET_WINDOW_FRAME 
{
  "id": 1,
  "frame": {
    "isFocused": false
  },
  "fromEvent": true
}
[08/23/19, 18:51:46:239] info: Store: SET_WINDOW_FRAME 
{
  "id": 1,
  "frame": {
    "isFocused": true
  },
  "fromEvent": true
}
[08/23/19, 18:51:46:250] info: Store: SET_WINDOW_FRAME 
{
  "id": 1,
  "frame": {
    "isFocused": false
  },
  "fromEvent": true
}
[08/23/19, 18:51:46:490] info: secondInstanceEpic: Received deep link protocol activation 
[08/23/19, 18:51:46:490] info: Store: HANDLE_DEEP_LINK 
{
  "url": "slack://T1792L49E/magic-login/736234968960-64824e43f3e7da50bb9908f00eaab5493dd1fa24b633cfaebc64cd3090609c72",
  "causedLaunch": false
}
[08/23/19, 18:51:46:492] info: WebContentsMediator: Attaching to new webContents 
[08/23/19, 18:51:46:493] info: MagicLogin: Making magic login API request to https://slack.com/api/ 
[08/23/19, 18:51:46:791] info: WebContents LifeCycle: webContents:1 from 'loaded' to 'page-will-navigate' took 107387 ms 
[08/23/19, 18:51:46:791] info: Store: UPSERT_WEB_CONTENTS 
{
  "id": 1,
  "history": "[REDACTED]",
  "state": "page-will-navigate",
  "teamId": "app"
}
[08/23/19, 18:51:46:863] info: MagicLogin: added team T1792L49E 
[08/23/19, 18:51:46:863] info: Application: handleDeepLink for magic login complete 
[08/23/19, 18:51:47:831] info: Team boot count 
{
  "count": 2
}
[08/23/19, 18:51:47:832] info: attempting to restart service worker 
[08/23/19, 18:51:47:836] info: sending debug protocol message 
{
  "message": "ServiceWorker.enable"
}
[08/23/19, 18:51:47:837] info: sending debug protocol message 
{
  "message": "ServiceWorker.stopAllWorkers"
}
[08/23/19, 18:51:47:837] info: sending debug protocol message 
{
  "message": "ServiceWorker.disable"
}
[08/23/19, 18:51:47:837] info: successfully restarted service worker 
[08/23/19, 18:51:47:885] info: Store: SET_WINDOW_FRAME 
{
  "id": 1,
  "frame": {
    "title": "[REDACTED]"
  },
  "fromEvent": true
}
[08/23/19, 18:51:47:892] info: WebContents LifeCycle: webContents:1 from 'page-will-navigate' to 'loaded' took 1101 ms 
[08/23/19, 18:51:47:892] info: Store: UPSERT_WEB_CONTENTS 
{
  "id": 1,
  "state": "loaded",
  "teamId": "app"
}
[08/23/19, 18:51:48:581] info: Store: SET_NETWORK_STATUS online
[08/23/19, 18:51:48:585] info: WebContents LifeCycle: webContents:1 from 'loaded' to 'page-will-navigate' took 694 ms 
[08/23/19, 18:51:48:586] info: Store: UPSERT_WEB_CONTENTS 
{
  "id": 1,
  "history": "[REDACTED]",
  "state": "page-will-navigate",
  "teamId": "app"
}
[08/23/19, 18:51:48:648] info: Store: SET_WINDOW_FRAME 
{
  "id": 1,
  "frame": {
    "isFocused": true
  },
  "fromEvent": true
}
[08/23/19, 18:51:49:259] info: Store: SET_WINDOW_FRAME 
{
  "id": 1,
  "frame": {
    "isFocused": false
  },
  "fromEvent": true
}
[08/23/19, 18:51:49:552] info: Team boot count 
{
  "count": 3
}
[08/23/19, 18:51:49:553] info: attempting to restart service worker 
[08/23/19, 18:51:49:553] info: sending debug protocol message 
{
  "message": "ServiceWorker.enable"
}
[08/23/19, 18:51:49:553] info: sending debug protocol message 
{
  "message": "ServiceWorker.stopAllWorkers"
}
[08/23/19, 18:51:49:553] info: sending debug protocol message 
{
  "message": "ServiceWorker.disable"
}
[08/23/19, 18:51:49:553] info: successfully restarted service worker 
[08/23/19, 18:51:49:601] info: WebContents LifeCycle: webContents:1 from 'page-will-navigate' to 'loaded' took 1016 ms 
[08/23/19, 18:51:49:601] info: Store: UPSERT_WEB_CONTENTS 
{
  "id": 1,
  "state": "loaded",
  "teamId": "app"
}
[08/23/19, 18:51:50:680] info: Store: SET_NETWORK_STATUS online
[08/23/19, 18:51:50:868] info: Store: SYNC Bad or empty workspaces payload
[08/23/19, 18:51:50:869] info: Store: SELECTION_CHANGED T1792L49E
[08/23/19, 18:51:50:911] info: Store: REDUX_UPDATE_FROM_WEBAPP 
{
  "teams": {
    "T1792L49E": {
      "bootConfig": {
        "isSonicDisabled": false,
        "isSonicEnabled": false
      },
      "featureFlags": {},
      "locale": "en-GB",
      "theme": {
        "titlebarBackground": "#1F0020",
        "titlebarTextColor": "#FFFFFF"
      },
      "unreads": {
        "hasUnreads": false,
        "unreadHighlights": 0,
        "unreads": 0
      }
    }
  }
}
[08/23/19, 18:51:50:913] info: Store: REDUX_UPDATE_FROM_WEBAPP 
{
  "teams": {
    "T1792L49E": {
      "bootConfig": {
        "isSonicDisabled": false,
        "isSonicEnabled": true
      },
      "theme": {
        "titlebarBackground": "#1F0020",
        "titlebarTextColor": "#FFFFFF"
      }
    }
  }
}
[08/23/19, 18:51:50:922] info: Store: REDUX_UPDATE_FROM_WEBAPP 
{
  "teams": {
    "T1792L49E": {
      "theme": {
        "titlebarBackground": "#1F0020",
        "titlebarTextColor": "#FFFFFF"
      },
      "unreads": {
        "hasUnreads": false,
        "showBullet": true,
        "unreadHighlights": 0,
        "unreads": 0
      }
    }
  }
}
[08/23/19, 18:51:50:956] info: Store: SYNC Synced 1 workspaces with IDs [T1792L49E]
[08/23/19, 18:51:50:968] info: Store: SELECTION_CHANGED T1792L49E
[08/23/19, 18:51:50:970] info: WebContents LifeCycle: webContents:1 from 'loaded' to 'webapp-loaded' took 1369 ms 
[08/23/19, 18:51:50:970] info: Store: UPSERT_WEB_CONTENTS 
{
  "id": 1,
  "state": "webapp-loaded",
  "teamId": "app"
}
[08/23/19, 18:51:50:970] info: EnterpriseStorageManager: Sending initial pull message 
{
  "teamId": "app"
}
[08/23/19, 18:51:51:048] info: Store: SET_WINDOW_FRAME 
{
  "id": 1,
  "frame": {
    "isFocused": true
  },
  "fromEvent": true
}
[08/23/19, 18:51:51:068] info: Store: SET_WINDOW_FRAME 
{
  "id": 1,
  "frame": {
    "title": "[REDACTED]"
  },
  "fromEvent": true
}
[08/23/19, 18:51:51:549] info: Store: STORE_ENTERPRISE_ID_PAIR 
{
  "teamId": "app",
  "enterpriseId": null
}
[08/23/19, 18:51:51:731] info: WebContentsMediator: Attaching to new webContents 
[08/23/19, 18:51:52:264] info: Store: SET_WINDOW_FRAME 
{
  "id": 1,
  "frame": {
    "isFocused": false
  },
  "fromEvent": true
}
[08/23/19, 18:51:54:383] info: Store: SET_WINDOW_FRAME 
{
  "id": 1,
  "frame": {
    "isFocused": true
  },
  "fromEvent": true
}
[08/23/19, 18:51:55:389] info: Store: SET_WINDOW_FRAME 
{
  "id": 1,
  "frame": {
    "bounds": {
      "x": 0,
      "y": 23,
      "width": 1477,
      "height": 808
    },
    "isMaximized": false
  },
  "fromEvent": true
}
[08/23/19, 18:51:55:389] info: Store: SET_WINDOW_FRAME 
{
  "id": 1,
  "frame": {
    "bounds": {
      "x": 0,
      "y": 23,
      "width": 1477,
      "height": 808
    },
    "isMaximized": false
  },
  "fromEvent": true
}
[08/23/19, 18:51:55:456] info: Store: UPDATE_SETTINGS 
{
  "mainWindowSettings": {
    "fullScreen": false,
    "maximized": false,
    "bounds": {
      "x": 0,
      "y": 23,
      "width": 1477,
      "height": 808
    }
  }
}
[08/23/19, 18:51:58:752] info: Store: SET_WINDOW_FRAME 
{
  "id": 1,
  "frame": {
    "isFocused": false
  },
  "fromEvent": true
}
[08/23/19, 18:51:59:754] info: Store: SET_WINDOW_FRAME 
{
  "id": 1,
  "frame": {
    "bounds": {
      "x": -2954,
      "y": 23,
      "width": 1478,
      "height": 808
    },
    "isMaximized": false
  },
  "fromEvent": true
}
[08/23/19, 18:51:59:757] info: Store: SET_WINDOW_FRAME 
{
  "id": 1,
  "frame": {
    "bounds": {
      "x": -2954,
      "y": 23,
      "width": 1478,
      "height": 808
    },
    "isMaximized": false
  },
  "fromEvent": true
}
[08/23/19, 18:51:59:821] info: Store: UPDATE_SETTINGS 
{
  "mainWindowSettings": {
    "fullScreen": false,
    "maximized": false,
    "bounds": {
      "x": -2954,
      "y": 23,
      "width": 1478,
      "height": 808
    }
  }
}
[08/23/19, 18:52:09:204] info: Store: SET_WINDOW_FRAME 
{
  "id": 1,
  "frame": {
    "isFocused": true
  },
  "fromEvent": true
}
[08/23/19, 18:52:09:709] info: Store: SET_WINDOW_FRAME 
{
  "id": 1,
  "frame": {
    "isFocused": false
  },
  "fromEvent": true
}
[08/23/19, 18:52:09:933] info: Store: SET_WINDOW_FRAME 
{
  "id": 1,
  "frame": {
    "isFocused": true
  },
  "fromEvent": true
}
[08/23/19, 18:52:10:935] info: Store: SET_WINDOW_FRAME 
{
  "id": 1,
  "frame": {
    "bounds": {
      "x": 0,
      "y": 23,
      "width": 1477,
      "height": 808
    },
    "isMaximized": false
  },
  "fromEvent": true
}
[08/23/19, 18:52:10:936] info: Store: SET_WINDOW_FRAME 
{
  "id": 1,
  "frame": {
    "bounds": {
      "x": 0,
      "y": 23,
      "width": 1477,
      "height": 808
    },
    "isMaximized": false
  },
  "fromEvent": true
}
[08/23/19, 18:52:11:003] info: Store: UPDATE_SETTINGS 
{
  "mainWindowSettings": {
    "fullScreen": false,
    "maximized": false,
    "bounds": {
      "x": 0,
      "y": 23,
      "width": 1477,
      "height": 808
    }
  }
}
[08/23/19, 18:52:15:109] info: Store: TOGGLE_FULL_SCREEN 
[08/23/19, 18:52:15:131] info: Store: SET_WINDOW_FRAME 
{
  "id": 1,
  "frame": {
    "isFullScreen": true
  },
  "fromEvent": true
}
[08/23/19, 18:52:16:119] info: Store: SET_WINDOW_FRAME 
{
  "id": 1,
  "frame": {
    "bounds": {
      "x": 0,
      "y": 0,
      "width": 1477,
      "height": 831
    },
    "isMaximized": false
  },
  "fromEvent": true
}
[08/23/19, 18:52:16:133] info: Store: SET_WINDOW_FRAME 
{
  "id": 1,
  "frame": {
    "bounds": {
      "x": 0,
      "y": 0,
      "width": 1477,
      "height": 831
    },
    "isMaximized": false
  },
  "fromEvent": true
}
[08/23/19, 18:52:16:201] info: Store: UPDATE_SETTINGS 
{
  "mainWindowSettings": {
    "fullScreen": true,
    "maximized": false,
    "bounds": {
      "x": 0,
      "y": 0,
      "width": 1477,
      "height": 831
    }
  }
}
[08/23/19, 18:52:16:621] info: Store: TOGGLE_FULL_SCREEN 
[08/23/19, 18:52:16:628] info: Store: SET_WINDOW_FRAME 
{
  "id": 1,
  "frame": {
    "isFullScreen": false
  },
  "fromEvent": true
}
[08/23/19, 18:52:17:416] info: Store: TOGGLE_FULL_SCREEN 
[08/23/19, 18:52:17:423] info: Store: SET_WINDOW_FRAME 
{
  "id": 1,
  "frame": {
    "isFullScreen": true
  },
  "fromEvent": true
}
[08/23/19, 18:52:18:313] info: Store: SET_WINDOW_FRAME 
{
  "id": 1,
  "frame": {
    "isFocused": false
  },
  "fromEvent": true
}
[08/23/19, 18:52:18:652] info: Store: SET_WINDOW_FRAME 
{
  "id": 1,
  "frame": {
    "isFocused": true
  },
  "fromEvent": true
}
[08/23/19, 18:52:19:655] info: Store: SET_WINDOW_FRAME 
{
  "id": 1,
  "frame": {
    "bounds": {
      "x": 0,
      "y": 0,
      "width": 1477,
      "height": 831
    },
    "isMaximized": false
  },
  "fromEvent": true
}
[08/23/19, 18:52:19:656] info: Store: SET_WINDOW_FRAME 
{
  "id": 1,
  "frame": {
    "bounds": {
      "x": 0,
      "y": 0,
      "width": 1477,
      "height": 831
    },
    "isMaximized": false
  },
  "fromEvent": true
}
[08/23/19, 18:52:19:722] info: Store: UPDATE_SETTINGS 
{
  "mainWindowSettings": {
    "fullScreen": true,
    "maximized": false,
    "bounds": {
      "x": 0,
      "y": 0,
      "width": 1477,
      "height": 831
    }
  }
}
[08/23/19, 18:52:20:701] info: Store: SET_WINDOW_FRAME 
{
  "id": 1,
  "frame": {
    "isFocused": false
  },
  "fromEvent": true
}
[08/23/19, 18:52:21:255] info: Store: SET_WINDOW_FRAME 
{
  "id": 1,
  "frame": {
    "isFocused": true
  },
  "fromEvent": true
}
[08/23/19, 18:52:22:261] info: Store: SET_WINDOW_FRAME 
{
  "id": 1,
  "frame": {
    "bounds": {
      "x": 0,
      "y": 0,
      "width": 1477,
      "height": 831
    },
    "isMaximized": false
  },
  "fromEvent": true
}
[08/23/19, 18:52:22:262] info: Store: SET_WINDOW_FRAME 
{
  "id": 1,
  "frame": {
    "bounds": {
      "x": 0,
      "y": 0,
      "width": 1477,
      "height": 831
    },
    "isMaximized": false
  },
  "fromEvent": true
}
[08/23/19, 18:52:22:328] info: Store: UPDATE_SETTINGS 
{
  "mainWindowSettings": {
    "fullScreen": true,
    "maximized": false,
    "bounds": {
      "x": 0,
      "y": 0,
      "width": 1477,
      "height": 831
    }
  }
}
[08/23/19, 18:52:23:644] info: Attempted to close the window while fullscreen, exiting fullscreen 
[08/23/19, 18:52:23:645] info: Store: SET_WINDOW_FRAME 
{
  "id": 1,
  "frame": {
    "isFullScreen": false
  }
}
[08/23/19, 18:52:23:655] info: Store: SET_WINDOW_FRAME 
{
  "id": 1,
  "frame": {
    "isFullScreen": false
  },
  "fromEvent": true
}
[08/23/19, 18:52:23:656] info: Store: SET_WINDOW_FRAME 
{
  "id": 1,
  "frame": {
    "isVisible": false
  },
  "fromEvent": true
}
[08/23/19, 18:52:23:657] info: Store: UPDATE_SETTINGS 
{
  "hasRunFromTray": true
}
[08/23/19, 18:52:23:658] info: Store: SHOW_TRAY_BALLOON 
{
  "title": "Why didn’t Slack quit?",
  "content": "Slack’s set to stay running in the notification area. To change this, visit Preferences > Advanced."
}
[08/23/19, 18:52:23:658] info: Tray Handler: Showing a tray balloon with title: Why didn’t Slack quit? 
[08/23/19, 18:52:24:648] info: Store: SET_WINDOW_FRAME 
{
  "id": 1,
  "frame": {
    "bounds": {
      "x": 0,
      "y": 23,
      "width": 1477,
      "height": 808
    },
    "isMaximized": false
  },
  "fromEvent": true
}
[08/23/19, 18:52:24:648] info: Store: SET_WINDOW_FRAME 
{
  "id": 1,
  "frame": {
    "bounds": {
      "x": 0,
      "y": 23,
      "width": 1477,
      "height": 808
    },
    "isMaximized": false
  },
  "fromEvent": true
}
[08/23/19, 18:52:24:713] info: Store: UPDATE_SETTINGS 
{
  "mainWindowSettings": {
    "fullScreen": false,
    "maximized": false,
    "bounds": {
      "x": 0,
      "y": 23,
      "width": 1477,
      "height": 808
    }
  }
}
[08/23/19, 18:52:51:074] info: ╔══════════════════════════════════════════════════════════════════════════════════╗ 
[08/23/19, 18:52:51:196] info: ╔══════════════════════════════════════════════════════════════════════════════════╗ 
[08/23/19, 18:52:51:075] info: ║      Slack 4.0.2, linux 5.2.1-arch1-1-ARCH on x64 at 08/23/19, 18:52:51:073      ║ 
[08/23/19, 18:52:51:075] info: ╚══════════════════════════════════════════════════════════════════════════════════╝ 
[08/23/19, 18:52:51:076] info: Configured logger via 
{
  "logLevel": "info"
}
[08/23/19, 18:52:51:076] info: Predefined values for process 
{
  "platform": "linux",
  "NODE_ENV": "production",
  "type": "browser",
  "PACKAGE_MANIFEST.productName": "Slack",
  "PACKAGE_MANIFEST.version": "4.0.2",
  "PACKAGE_MANIFEST.versionName": "The Final Countdown",
  "PACKAGE_MANIFEST.commit": "8900f04",
  "PACKAGE_MANIFEST.branch": "HEAD"
}
[08/23/19, 18:52:51:163] info: Read UUID from file successful 
{
  "uuid": "2943dfe1-cc22-5680-baab-cc3565ad8be4"
}
[08/23/19, 18:52:51:171] error: Locale: Tried to access systemLocale before application was ready 
[08/23/19, 18:52:51:185] info: TraceRecorder: setting up trace recorder, trace will be stored under /home/anirudh/.config/Slack/logs/recorded-trace
[08/23/19, 18:52:51:198] info: BrowserStore: Skip keychain access in Sonic 
[08/23/19, 18:52:51:209] info: Store: persist/REHYDRATE 
{
  "appTeams": {
    "selectedTeamId": null,
    "teamsByIndex": [],
    "teamsToSignOut": []
  },
  "dialog": "[REDACTED]",
  "downloads": "[REDACTED]",
  "enterprise": {
    "app": null
  },
  "settings": {
    "lastClogForProxyInfo": 1566566457588,
    "defaultSigninTeam": null,
    "hasRunApp": true,
    "hasRunFromTray": true,
    "isSignedIntoSlackOrg": false,
    "isUsingBrowserSignin": true,
    "reportIssueOnStartup": false,
    "suppressPermissionDialog": false,
    "whitelistedUrlSchemes": [
      "http:",
      "https:",
      "mailto:",
      "skype:",
      "spotify:",
      "live:",
      "callto:",
      "tel:",
      "im:",
      "sip:",
      "sips:",
      "slack:"
    ],
    "notificationAfterHoverTimeout": 2000,
    "notificationFailover": 0,
    "notificationFailoverEnabled": true,
    "notificationMaxItems": 3,
    "notificationMethod": null,
    "notificationPlayback": null,
    "notificationPresentationCheck": null,
    "notificationStyle": "2018",
    "notificationTimeout": 6000,
    "notificationZoomLevel": null,
    "notifyPosition": {
      "corner": "bottom_right",
      "display": "same_as_app"
    },
    "isOpenExternalShellForced": true,
    "isTitleBarForcedByUser": false,
    "sandboxSigninWindow": false,
    "workspaceIdleTimeout": 43200000,
    "spellcheckerLanguage": null,
    "spellCheckerVersion": "V1",
    "autoHideMenuBar": false,
    "launchOnStartup": false,
    "locale": "en-US",
    "PrefSSBFileDownloadPath": "/home/anirudh/Downloads",
    "runFromTray": true,
    "startNetLogAtLaunch": false,
    "useHwAcceleration": true,
    "zoomLevel": 0,
    "releaseChannelOverride": null,
    "hideOnStartup": true,
    "mainWindowSettings": {
      "fullScreen": false,
      "maximized": false,
      "bounds": {
        "x": 0,
        "y": 23,
        "width": 1477,
        "height": 808
      }
    }
  },
  "teams": "[REDACTED]",
  "webapp": {
    "teams": {
      "T00000000": {
        "theme": {
          "titlebarBackground": "#1F0020",
          "titlebarTextColor": "#FFFFFF"
        },
        "featureFlags": {},
        "bootConfig": {
          "isSonicEnabled": false,
          "isSonicDisabled": false
        },
        "unreads": {
          "unreads": 0,
          "unreadHighlights": 0,
          "showBullet": false
        }
      },
      "T1792L49E": {
        "theme": {
          "titlebarBackground": "#1F0020",
          "titlebarTextColor": "#FFFFFF"
        },
        "featureFlags": {},
        "bootConfig": {
          "isSonicEnabled": false,
          "isSonicDisabled": false
        },
        "unreads": {
          "unreads": 0,
          "unreadHighlights": 0,
          "showBullet": false
        }
      }
    }
  },
  "workspaces": "[REDACTED]",
  "workspacesMeta": {
    "selectedWorkspaceId": "T1792L49E"
  }
}
[08/23/19, 18:52:51:210] info: UpdaterEpics: Updates disabled because 
{
  "issues": [
    "using Linux"
  ]
}
[08/23/19, 18:52:51:210] info: Store: INITIALIZE 
{
  "resourcePath": "/var/lib/snapd/snap/slack/17/usr/lib/slack/resources/app.asar"
}
[08/23/19, 18:52:51:234] warn: Failed to install protocol handler for slack:// links 
[08/23/19, 18:52:51:245] info: Store: CREATE_WINDOW 
{
  "type": "main"
}
[08/23/19, 18:52:51:247] info: App: Welcome to Slack 0.0.0 x64 
[08/23/19, 18:52:51:247] info: App load time: 0,286297100 
[08/23/19, 18:52:51:258] warn: Couldn't get Linux distro info from lsb_release, trying fallback to get Linux distro info 
{
  "error": {
    "stack": "Error: Command failed: lsb_release -a --short\n/bin/sh: lsb_release: command not found\n\n    at ChildProcess.exithandler (child_process.js:299:12)\n    at ChildProcess.emit (events.js:182:13)\n    at ChildProcess.EventEmitter.emit (domain.js:442:20)\n    at maybeClose (internal/child_process.js:962:16)\n    at Socket.stream.socket.on (internal/child_process.js:381:11)\n    at Socket.emit (events.js:182:13)\n    at Socket.EventEmitter.emit (domain.js:442:20)\n    at Pipe._handle.close (net.js:606:12)",
    "message": "Command failed: lsb_release -a --short\n/bin/sh: lsb_release: command not found\n",
    "killed": false,
    "code": 127,
    "signal": null,
    "cmd": "lsb_release -a --short",
    "stdout": "",
    "stderr": "/bin/sh: lsb_release: command not found\n"
  },
  "stackFrameString": "[{\"columnNumber\":12,\"lineNumber\":299,\"fileName\":\"child_process.js\",\"functionName\":\"ChildProcess.exithandler\",\"source\":\"    at ChildProcess.exithandler (child_process.js:299:12)\"},{\"columnNumber\":13,\"lineNumber\":182,\"fileName\":\"events.js\",\"functionName\":\"ChildProcess.emit\",\"source\":\"    at ChildProcess.emit (events.js:182:13)\"},{\"columnNumber\":20,\"lineNumber\":442,\"fileName\":\"domain.js\",\"functionName\":\"ChildProcess.EventEmitter.emit\",\"source\":\"    at ChildProcess.EventEmitter.emit (domain.js:442:20)\"},{\"columnNumber\":16,\"lineNumber\":962,\"fileName\":\"internal/child_process.js\",\"functionName\":\"maybeClose\",\"source\":\"    at maybeClose (internal/child_process.js:962:16)\"},{\"columnNumber\":11,\"lineNumber\":381,\"fileName\":\"internal/child_process.js\",\"functionName\":\"Socket.stream.socket.on\",\"source\":\"    at Socket.stream.socket.on (internal/child_process.js:381:11)\"},{\"columnNumber\":13,\"lineNumber\":182,\"fileName\":\"events.js\",\"functionName\":\"Socket.emit\",\"source\":\"    at Socket.emit (events.js:182:13)\"},{\"columnNumber\":20,\"lineNumber\":442,\"fileName\":\"domain.js\",\"functionName\":\"Socket.EventEmitter.emit\",\"source\":\"    at Socket.EventEmitter.emit (domain.js:442:20)\"},{\"columnNumber\":12,\"lineNumber\":606,\"fileName\":\"net.js\",\"functionName\":\"Pipe._handle.close\",\"source\":\"    at Pipe._handle.close (net.js:606:12)\"}]"
}
[08/23/19, 18:52:51:196] info: ║      Slack 4.0.2, linux 5.2.1-arch1-1-ARCH on x64 at 08/23/19, 18:52:51:196      ║ 
[08/23/19, 18:52:51:196] info: ╚══════════════════════════════════════════════════════════════════════════════════╝ 
[08/23/19, 18:52:51:196] info: Configured logger via 
{
  "logLevel": "info"
}
[08/23/19, 18:52:51:196] info: Predefined values for process 
{
  "platform": "linux",
  "NODE_ENV": "production",
  "type": "browser",
  "PACKAGE_MANIFEST.productName": "Slack",
  "PACKAGE_MANIFEST.version": "4.0.2",
  "PACKAGE_MANIFEST.versionName": "The Final Countdown",
  "PACKAGE_MANIFEST.commit": "8900f04",
  "PACKAGE_MANIFEST.branch": "HEAD"
}
[08/23/19, 18:52:51:274] info: Store: READY 
{
  "resourcePath": "/var/lib/snapd/snap/slack/17/usr/lib/slack/resources/app.asar",
  "appVersion": "4.0.2",
  "isGpuCompositionAvailable": true,
  "isTitleBarHidden": false,
  "isSonic": true,
  "platformVersion": {
    "major": 5,
    "minor": 2,
    "build": 1
  },
  "releaseChannel": "prod",
  "sessionId": "Mjk0M2RmZTEtY2MyMi01NjgwLWJhYWItY2MzNTY1YWQ4YmU0XzE1NjY1NjY1NzExNjM=",
  "versionName": "The Final Countdown",
  "linux": {
    "os": "Arch Linux",
    "name": "Arch Linux ",
    "release": "",
    "codename": ""
  }
}
[08/23/19, 18:52:51:277] info: Store: UPDATE_SETTINGS 
{
  "isSignedIntoSlackOrg": false
}
[08/23/19, 18:52:51:278] info: AutoLoginEpic: Checking for autologin. 
[08/23/19, 18:52:51:278] info: Client Boot Config
	localSettings: always
	version: 4.0.2
	productName: Slack
	commandLine:  
[08/23/19, 18:52:51:287] info: Store: TOKEN_FILE_PROCESSED 
[08/23/19, 18:52:51:288] info: AutoLoginEpic: Processing token file for autologin. 
[08/23/19, 18:52:51:288] info: Store: AUTOLOGIN_TEAMS_COMPLETE 
[08/23/19, 18:52:51:288] info: AutoLoginEpic: Setting default sign-in team to null 
[08/23/19, 18:52:51:288] info: Store: UPDATE_SETTINGS 
{
  "defaultSigninTeam": null
}
[08/23/19, 18:52:51:294] info: WebContentsMediator: Attaching to new webContents 
[08/23/19, 18:52:51:301] info: Store: UPSERT_WEB_CONTENTS 
{
  "id": 1,
  "teamId": "app",
  "state": "unloaded"
}
[08/23/19, 18:52:51:304] info: MainWindowEpics: Setting main window ID 
{
  "id": 1
}
[08/23/19, 18:52:51:306] info: Store: WINDOW_CREATED 
{
  "frame": {
    "isFullScreen": false,
    "isMinimized": false,
    "isMaximized": false,
    "isVisible": false,
    "isFocused": false,
    "bounds": {
      "x": 0,
      "y": 22,
      "width": 1478,
      "height": 812
    }
  },
  "type": "main",
  "id": 1
}
[08/23/19, 18:52:51:306] info: validateBoundsForDisplay: Bounds {"x":0,"y":23,"width":1477,"height":808} not contained in Display with workArea {"x":1476,"y":0,"width":1772,"height":996} 
[08/23/19, 18:52:51:318] warn: Couldn't get Linux distro info from lsb_release, trying fallback to get Linux distro info 
{
  "error": {
    "stack": "Error: Command failed: lsb_release -a --short\n/bin/sh: lsb_release: command not found\n\n    at ChildProcess.exithandler (child_process.js:299:12)\n    at ChildProcess.emit (events.js:182:13)\n    at ChildProcess.EventEmitter.emit (domain.js:442:20)\n    at maybeClose (internal/child_process.js:962:16)\n    at Socket.stream.socket.on (internal/child_process.js:381:11)\n    at Socket.emit (events.js:182:13)\n    at Socket.EventEmitter.emit (domain.js:442:20)\n    at Pipe._handle.close (net.js:606:12)",
    "message": "Command failed: lsb_release -a --short\n/bin/sh: lsb_release: command not found\n",
    "killed": false,
    "code": 127,
    "signal": null,
    "cmd": "lsb_release -a --short",
    "stdout": "",
    "stderr": "/bin/sh: lsb_release: command not found\n"
  },
  "stackFrameString": "[{\"columnNumber\":12,\"lineNumber\":299,\"fileName\":\"child_process.js\",\"functionName\":\"ChildProcess.exithandler\",\"source\":\"    at ChildProcess.exithandler (child_process.js:299:12)\"},{\"columnNumber\":13,\"lineNumber\":182,\"fileName\":\"events.js\",\"functionName\":\"ChildProcess.emit\",\"source\":\"    at ChildProcess.emit (events.js:182:13)\"},{\"columnNumber\":20,\"lineNumber\":442,\"fileName\":\"domain.js\",\"functionName\":\"ChildProcess.EventEmitter.emit\",\"source\":\"    at ChildProcess.EventEmitter.emit (domain.js:442:20)\"},{\"columnNumber\":16,\"lineNumber\":962,\"fileName\":\"internal/child_process.js\",\"functionName\":\"maybeClose\",\"source\":\"    at maybeClose (internal/child_process.js:962:16)\"},{\"columnNumber\":11,\"lineNumber\":381,\"fileName\":\"internal/child_process.js\",\"functionName\":\"Socket.stream.socket.on\",\"source\":\"    at Socket.stream.socket.on (internal/child_process.js:381:11)\"},{\"columnNumber\":13,\"lineNumber\":182,\"fileName\":\"events.js\",\"functionName\":\"Socket.emit\",\"source\":\"    at Socket.emit (events.js:182:13)\"},{\"columnNumber\":20,\"lineNumber\":442,\"fileName\":\"domain.js\",\"functionName\":\"Socket.EventEmitter.emit\",\"source\":\"    at Socket.EventEmitter.emit (domain.js:442:20)\"},{\"columnNumber\":12,\"lineNumber\":606,\"fileName\":\"net.js\",\"functionName\":\"Pipe._handle.close\",\"source\":\"    at Pipe._handle.close (net.js:606:12)\"}]"
}
[08/23/19, 18:52:51:629] info: Team boot count 
{
  "count": 1
}
[08/23/19, 18:52:51:670] info: Store: SET_WINDOW_FRAME 
{
  "id": 1,
  "frame": {
    "title": "[REDACTED]"
  },
  "fromEvent": true
}
[08/23/19, 18:52:51:677] info: WebContents LifeCycle: webContents:1 from 'unloaded' to 'loaded' took 374 ms 
[08/23/19, 18:52:51:677] info: Store: UPSERT_WEB_CONTENTS 
{
  "id": 1,
  "state": "loaded",
  "teamId": "app"
}
[08/23/19, 18:52:51:678] info: initializeMainWindowEpic: Showing main window 
{
  "maximized": false,
  "shouldHide": false,
  "fullScreen": false
}
[08/23/19, 18:52:51:679] info: Store: SET_WINDOW_FRAME 
{
  "id": 1,
  "frame": {
    "isVisible": true
  },
  "fromEvent": true
}
[08/23/19, 18:52:51:680] info: Store: MAIN_WINDOW_SHOWN 
[08/23/19, 18:52:51:681] info: Store: UPDATE_SETTINGS 
{
  "mainWindowSettings": {
    "fullScreen": false,
    "maximized": false,
    "bounds": {
      "x": 0,
      "y": 21,
      "width": 1478,
      "height": 809
    }
  }
}
[08/23/19, 18:52:51:682] info: UpdaterEpics: Updates disabled because 
{
  "issues": [
    "using Linux"
  ]
}
[08/23/19, 18:52:51:692] info: Store: SET_WINDOW_FRAME 
{
  "id": 1,
  "frame": {
    "isFocused": true
  },
  "fromEvent": true
}
[08/23/19, 18:52:52:656] info: Store: SYNC Bad or empty workspaces payload
[08/23/19, 18:52:52:660] info: Store: SELECTION_CHANGED T1792L49E
[08/23/19, 18:52:52:692] info: Store: SET_WINDOW_FRAME 
{
  "id": 1,
  "frame": {
    "bounds": {
      "x": 1476,
      "y": 23,
      "width": 1774,
      "height": 974
    },
    "isMaximized": false
  },
  "fromEvent": true
}
[08/23/19, 18:52:52:693] info: Store: REDUX_UPDATE_FROM_WEBAPP 
{
  "teams": {
    "T1792L49E": {
      "bootConfig": {
        "isSonicDisabled": false,
        "isSonicEnabled": true
      },
      "featureFlags": {},
      "locale": "en-GB",
      "theme": {
        "titlebarBackground": "#1F0020",
        "titlebarTextColor": "#FFFFFF"
      },
      "unreads": {
        "hasUnreads": false,
        "showBullet": true,
        "unreadHighlights": 0,
        "unreads": 0
      }
    }
  }
}
[08/23/19, 18:52:52:694] info: Store: SET_WINDOW_FRAME 
{
  "id": 1,
  "frame": {
    "bounds": {
      "x": 1476,
      "y": 23,
      "width": 1774,
      "height": 974
    },
    "isMaximized": false
  },
  "fromEvent": true
}
[08/23/19, 18:52:52:699] info: Store: SYNC Synced 1 workspaces with IDs [T1792L49E]
[08/23/19, 18:52:52:708] info: Store: SELECTION_CHANGED T1792L49E
[08/23/19, 18:52:52:712] info: WebContents LifeCycle: webContents:1 from 'loaded' to 'webapp-loaded' took 1035 ms 
[08/23/19, 18:52:52:712] info: Store: UPSERT_WEB_CONTENTS 
{
  "id": 1,
  "state": "webapp-loaded",
  "teamId": "app"
}
[08/23/19, 18:52:52:713] info: EnterpriseStorageManager: Sending initial pull message 
{
  "teamId": "app"
}
[08/23/19, 18:52:52:760] info: Store: UPDATE_SETTINGS 
{
  "mainWindowSettings": {
    "fullScreen": false,
    "maximized": false,
    "bounds": {
      "x": 1476,
      "y": 23,
      "width": 1774,
      "height": 974
    }
  }
}
[08/23/19, 18:52:52:788] info: Store: SET_WINDOW_FRAME 
{
  "id": 1,
  "frame": {
    "title": "[REDACTED]"
  },
  "fromEvent": true
}
[08/23/19, 18:52:53:243] info: Store: TOGGLE_FULL_SCREEN 
[08/23/19, 18:52:53:246] info: Store: SET_WINDOW_FRAME 
{
  "id": 1,
  "frame": {
    "isFullScreen": true
  },
  "fromEvent": true
}
[08/23/19, 18:52:53:282] info: Store: STORE_ENTERPRISE_ID_PAIR 
{
  "teamId": "app",
  "enterpriseId": null
}
[08/23/19, 18:52:53:293] info: Store: SET_NETWORK_STATUS online
[08/23/19, 18:52:54:246] info: Store: SET_WINDOW_FRAME 
{
  "id": 1,
  "frame": {
    "bounds": {
      "x": 1476,
      "y": 0,
      "width": 1774,
      "height": 997
    },
    "isMaximized": false
  },
  "fromEvent": true
}
[08/23/19, 18:52:54:248] info: Store: SET_WINDOW_FRAME 
{
  "id": 1,
  "frame": {
    "bounds": {
      "x": 1476,
      "y": 0,
      "width": 1774,
      "height": 997
    },
    "isMaximized": false
  },
  "fromEvent": true
}
[08/23/19, 18:52:54:315] info: Store: UPDATE_SETTINGS 
{
  "mainWindowSettings": {
    "fullScreen": true,
    "maximized": false,
    "bounds": {
      "x": 1476,
      "y": 0,
      "width": 1774,
      "height": 997
    }
  }
}
[08/23/19, 18:52:54:838] info: Store: SET_WINDOW_FRAME 
{
  "id": 1,
  "frame": {
    "isFocused": false
  },
  "fromEvent": true
}
[08/23/19, 18:55:16:546] info: Store: SET_WINDOW_FRAME 
{
  "id": 1,
  "frame": {
    "isFocused": true
  },
  "fromEvent": true
}
[08/23/19, 18:55:17:588] info: Store: SET_WINDOW_FRAME 
{
  "id": 1,
  "frame": {
    "isFocused": false
  },
  "fromEvent": true
}
[08/23/19, 18:56:19:543] info: Store: SET_WINDOW_FRAME 
{
  "id": 1,
  "frame": {
    "isFocused": true
  },
  "fromEvent": true
}
[08/23/19, 18:56:21:182] info: Store: SET_WINDOW_FRAME 
{
  "id": 1,
  "frame": {
    "isFocused": false
  },
  "fromEvent": true
}
[08/23/19, 18:56:21:787] info: Store: SET_WINDOW_FRAME 
{
  "id": 1,
  "frame": {
    "isFocused": true
  },
  "fromEvent": true
}
[08/23/19, 18:56:23:183] info: Store: SET_WINDOW_FRAME 
{
  "id": 1,
  "frame": {
    "title": "[REDACTED]"
  },
  "fromEvent": true
}
[08/23/19, 18:56:28:187] info: Store: SET_WINDOW_FRAME 
{
  "id": 1,
  "frame": {
    "title": "[REDACTED]"
  },
  "fromEvent": true
}
[08/23/19, 18:56:37:781] info: Store: SET_WINDOW_FRAME 
{
  "id": 1,
  "frame": {
    "title": "[REDACTED]"
  },
  "fromEvent": true
}
[08/23/19, 18:56:43:597] info: Store: SET_WINDOW_FRAME 
{
  "id": 1,
  "frame": {
    "title": "[REDACTED]"
  },
  "fromEvent": true
}
[08/23/19, 18:56:45:179] info: Store: SET_WINDOW_FRAME 
{
  "id": 1,
  "frame": {
    "title": "[REDACTED]"
  },
  "fromEvent": true
}
[08/23/19, 18:57:49:134] info: Store: SET_WINDOW_FRAME 
{
  "id": 1,
  "frame": {
    "isFocused": false
  },
  "fromEvent": true
}
[08/23/19, 18:57:57:302] info: Store: SET_WINDOW_FRAME 
{
  "id": 1,
  "frame": {
    "isFocused": true
  },
  "fromEvent": true
}
[08/23/19, 18:57:58:183] info: Store: SET_WINDOW_FRAME 
{
  "id": 1,
  "frame": {
    "isFocused": false
  },
  "fromEvent": true
}
[08/23/19, 18:58:15:817] info: Store: SET_WINDOW_FRAME 
{
  "id": 1,
  "frame": {
    "isFocused": true
  },
  "fromEvent": true
}
[08/23/19, 18:58:38:821] info: Store: SET_WINDOW_FRAME 
{
  "id": 1,
  "frame": {
    "isFocused": false
  },
  "fromEvent": true
}
[08/23/19, 18:59:39:451] info: Store: SET_WINDOW_FRAME 
{
  "id": 1,
  "frame": {
    "isFocused": true
  },
  "fromEvent": true
}
[08/23/19, 19:00:03:738] info: Store: SET_WINDOW_FRAME 
{
  "id": 1,
  "frame": {
    "isFocused": false
  },
  "fromEvent": true
}
[08/23/19, 19:00:05:416] info: Store: SET_WINDOW_FRAME 
{
  "id": 1,
  "frame": {
    "isFocused": true
  },
  "fromEvent": true
}
[08/23/19, 19:00:05:600] info: Store: OPEN_CONTEXT_MENU 
{
  "id": 1,
  "params": "[REDACTED]"
}
[08/23/19, 19:00:09:486] info: Store: TOGGLE_FULL_SCREEN 
[08/23/19, 19:00:09:496] info: Store: SET_WINDOW_FRAME 
{
  "id": 1,
  "frame": {
    "isFullScreen": false
  },
  "fromEvent": true
}
[08/23/19, 19:00:10:094] info: Store: SET_WINDOW_FRAME 
{
  "id": 1,
  "frame": {
    "isFocused": false
  },
  "fromEvent": true
}
[08/23/19, 19:00:10:095] info: Store: SET_WINDOW_FRAME 
{
  "id": 1,
  "frame": {
    "isFocused": true
  },
  "fromEvent": true
}
[08/23/19, 19:00:10:466] info: Store: SET_WINDOW_FRAME 
{
  "id": 1,
  "frame": {
    "isFocused": false
  },
  "fromEvent": true
}
[08/23/19, 19:00:10:499] info: Store: SET_WINDOW_FRAME 
{
  "id": 1,
  "frame": {
    "bounds": {
      "x": 2451,
      "y": 23,
      "width": 799,
      "height": 974
    },
    "isMaximized": false
  },
  "fromEvent": true
}
[08/23/19, 19:00:10:500] info: Store: SET_WINDOW_FRAME 
{
  "id": 1,
  "frame": {
    "bounds": {
      "x": 2451,
      "y": 23,
      "width": 799,
      "height": 974
    },
    "isMaximized": false
  },
  "fromEvent": true
}
[08/23/19, 19:00:10:566] info: Store: UPDATE_SETTINGS 
{
  "mainWindowSettings": {
    "fullScreen": false,
    "maximized": false,
    "bounds": {
      "x": 2451,
      "y": 23,
      "width": 799,
      "height": 974
    }
  }
}
[08/23/19, 19:00:13:389] info: Store: SET_WINDOW_FRAME 
{
  "id": 1,
  "frame": {
    "isFocused": true
  },
  "fromEvent": true
}
[08/23/19, 19:00:14:392] info: Store: SET_WINDOW_FRAME 
{
  "id": 1,
  "frame": {
    "bounds": {
      "x": 1476,
      "y": 23,
      "width": 1774,
      "height": 974
    },
    "isMaximized": false
  },
  "fromEvent": true
}
[08/23/19, 19:00:14:393] info: Store: SET_WINDOW_FRAME 
{
  "id": 1,
  "frame": {
    "bounds": {
      "x": 1476,
      "y": 23,
      "width": 1774,
      "height": 974
    },
    "isMaximized": false
  },
  "fromEvent": true
}
[08/23/19, 19:00:14:458] info: Store: UPDATE_SETTINGS 
{
  "mainWindowSettings": {
    "fullScreen": false,
    "maximized": false,
    "bounds": {
      "x": 1476,
      "y": 23,
      "width": 1774,
      "height": 974
    }
  }
}
[08/23/19, 19:00:15:072] info: Store: TOGGLE_FULL_SCREEN 
[08/23/19, 19:00:15:075] info: Store: SET_WINDOW_FRAME 
{
  "id": 1,
  "frame": {
    "isFullScreen": true
  },
  "fromEvent": true
}
[08/23/19, 19:00:16:073] info: Store: SET_WINDOW_FRAME 
{
  "id": 1,
  "frame": {
    "bounds": {
      "x": 1476,
      "y": 0,
      "width": 1774,
      "height": 997
    },
    "isMaximized": false
  },
  "fromEvent": true
}
[08/23/19, 19:00:16:075] info: Store: SET_WINDOW_FRAME 
{
  "id": 1,
  "frame": {
    "bounds": {
      "x": 1476,
      "y": 0,
      "width": 1774,
      "height": 997
    },
    "isMaximized": false
  },
  "fromEvent": true
}
[08/23/19, 19:00:16:143] info: Store: UPDATE_SETTINGS 
{
  "mainWindowSettings": {
    "fullScreen": true,
    "maximized": false,
    "bounds": {
      "x": 1476,
      "y": 0,
      "width": 1774,
      "height": 997
    }
  }
}
[08/23/19, 19:00:16:224] info: Store: SET_WINDOW_FRAME 
{
  "id": 1,
  "frame": {
    "isFocused": false
  },
  "fromEvent": true
}
[08/23/19, 19:00:17:053] info: Store: SET_WINDOW_FRAME 
{
  "id": 1,
  "frame": {
    "isFocused": true
  },
  "fromEvent": true
}
[08/23/19, 19:00:19:598] info: Store: OPEN_CONTEXT_MENU 
{
  "id": 1,
  "params": "[REDACTED]"
}
[08/23/19, 19:00:21:401] info: Store: SET_WINDOW_FRAME 
{
  "id": 1,
  "frame": {
    "isFocused": false
  },
  "fromEvent": true
}
[08/23/19, 19:01:11:724] info: Store: SET_SYSTEM_IDLE idle_taskbar
[08/23/19, 19:02:31:731] info: Store: SET_SYSTEM_IDLE active
[08/23/19, 19:03:51:735] info: Store: SET_SYSTEM_IDLE idle_taskbar
[08/23/19, 19:05:11:739] info: Store: SET_SYSTEM_IDLE active
[08/23/19, 19:05:51:743] info: Store: SET_SYSTEM_IDLE idle_taskbar
[08/23/19, 19:06:31:745] info: Store: SET_SYSTEM_IDLE active
[08/23/19, 19:07:47:586] info: Store: SET_WINDOW_FRAME 
{
  "id": 1,
  "frame": {
    "isFocused": true
  },
  "fromEvent": true
}
[08/23/19, 19:07:48:404] info: Store: SET_WINDOW_FRAME 
{
  "id": 1,
  "frame": {
    "isFocused": false
  },
  "fromEvent": true
}
[08/23/19, 19:07:49:099] info: Store: SET_WINDOW_FRAME 
{
  "id": 1,
  "frame": {
    "isFocused": true
  },
  "fromEvent": true
}
[08/23/19, 19:07:50:140] info: Store: SET_WINDOW_FRAME 
{
  "id": 1,
  "frame": {
    "title": "[REDACTED]"
  },
  "fromEvent": true
}
[08/23/19, 19:07:53:797] info: Store: SET_WINDOW_FRAME 
{
  "id": 1,
  "frame": {
    "isFocused": false
  },
  "fromEvent": true
}
[08/23/19, 19:08:48:890] info: Store: SET_WINDOW_FRAME 
{
  "id": 1,
  "frame": {
    "isFocused": true
  },
  "fromEvent": true
}
[08/23/19, 19:08:50:165] info: Store: SET_WINDOW_FRAME 
{
  "id": 1,
  "frame": {
    "isFocused": false
  },
  "fromEvent": true
}
[08/23/19, 19:09:22:904] info: Store: SET_WINDOW_FRAME 
{
  "id": 1,
  "frame": {
    "isFocused": true
  },
  "fromEvent": true
}
[08/23/19, 19:09:23:336] info: Store: SET_WINDOW_FRAME 
{
  "id": 1,
  "frame": {
    "isFocused": false
  },
  "fromEvent": true
}
[08/23/19, 19:09:23:675] info: Store: SET_WINDOW_FRAME 
{
  "id": 1,
  "frame": {
    "isFocused": true
  },
  "fromEvent": true
}
[08/23/19, 19:09:25:307] info: Store: SET_WINDOW_FRAME 
{
  "id": 1,
  "frame": {
    "title": "[REDACTED]"
  },
  "fromEvent": true
}
[08/23/19, 19:09:33:885] info: Store: SET_WINDOW_FRAME 
{
  "id": 1,
  "frame": {
    "isFocused": false
  },
  "fromEvent": true
}
[08/23/19, 19:10:17:086] info: Store: SET_WINDOW_FRAME 
{
  "id": 1,
  "frame": {
    "isFocused": true
  },
  "fromEvent": true
}
[08/23/19, 19:10:18:459] info: Store: SET_WINDOW_FRAME 
{
  "id": 1,
  "frame": {
    "isFocused": false
  },
  "fromEvent": true
}
[08/23/19, 19:11:25:962] info: Store: SET_WINDOW_FRAME 
{
  "id": 1,
  "frame": {
    "isFocused": true
  },
  "fromEvent": true
}
[08/23/19, 19:11:26:855] info: Store: SET_WINDOW_FRAME 
{
  "id": 1,
  "frame": {
    "isFocused": false
  },
  "fromEvent": true
}
[08/23/19, 19:11:27:338] info: Store: SET_WINDOW_FRAME 
{
  "id": 1,
  "frame": {
    "isFocused": true
  },
  "fromEvent": true
}
[08/23/19, 19:11:27:795] info: Store: SET_WINDOW_FRAME 
{
  "id": 1,
  "frame": {
    "isFocused": false
  },
  "fromEvent": true
}
[08/23/19, 19:11:28:342] info: Store: SET_WINDOW_FRAME 
{
  "id": 1,
  "frame": {
    "bounds": {
      "x": 1476,
      "y": 0,
      "width": 1774,
      "height": 997
    },
    "isMaximized": false
  },
  "fromEvent": true
}
[08/23/19, 19:11:28:343] info: Store: SET_WINDOW_FRAME 
{
  "id": 1,
  "frame": {
    "bounds": {
      "x": 1476,
      "y": 0,
      "width": 1774,
      "height": 997
    },
    "isMaximized": false
  },
  "fromEvent": true
}
[08/23/19, 19:11:28:409] info: Store: UPDATE_SETTINGS 
{
  "mainWindowSettings": {
    "fullScreen": true,
    "maximized": false,
    "bounds": {
      "x": 1476,
      "y": 0,
      "width": 1774,
      "height": 997
    }
  }
}
[08/23/19, 19:12:51:781] info: Store: SET_SYSTEM_IDLE idle_taskbar
[08/23/19, 19:13:43:273] info: Store: SET_WINDOW_FRAME 
{
  "id": 1,
  "frame": {
    "isFocused": true
  },
  "fromEvent": true
}
[08/23/19, 19:13:43:614] info: Store: SET_WINDOW_FRAME 
{
  "id": 1,
  "frame": {
    "isFocused": false
  },
  "fromEvent": true
}
[08/23/19, 19:13:51:804] info: Store: SET_SYSTEM_IDLE active
[08/23/19, 19:18:04:461] info: Store: SET_WINDOW_FRAME 
{
  "id": 1,
  "frame": {
    "isFocused": true
  },
  "fromEvent": true
}
[08/23/19, 19:18:04:689] info: Store: SET_WINDOW_FRAME 
{
  "id": 1,
  "frame": {
    "title": "[REDACTED]"
  },
  "fromEvent": true
}
[08/23/19, 19:18:04:809] info: Store: SET_WINDOW_FRAME 
{
  "id": 1,
  "frame": {
    "isFocused": false
  },
  "fromEvent": true
}
[08/23/19, 19:21:33:437] info: Store: SET_WINDOW_FRAME 
{
  "id": 1,
  "frame": {
    "isFocused": true
  },
  "fromEvent": true
}
[08/23/19, 19:21:33:753] info: Store: SET_WINDOW_FRAME 
{
  "id": 1,
  "frame": {
    "isFocused": false
  },
  "fromEvent": true
}
[08/23/19, 19:21:33:795] info: Store: SET_WINDOW_FRAME 
{
  "id": 1,
  "frame": {
    "isFocused": true
  },
  "fromEvent": true
}
[08/23/19, 19:21:34:944] info: Store: SET_WINDOW_FRAME 
{
  "id": 1,
  "frame": {
    "isFocused": false
  },
  "fromEvent": true
}
[08/23/19, 19:21:34:945] info: Store: SET_WINDOW_FRAME 
{
  "id": 1,
  "frame": {
    "isFocused": true
  },
  "fromEvent": true
}
[08/23/19, 19:21:35:288] info: Store: SET_WINDOW_FRAME 
{
  "id": 1,
  "frame": {
    "isFocused": false
  },
  "fromEvent": true
}
[08/23/19, 19:21:35:447] info: Store: SET_WINDOW_FRAME 
{
  "id": 1,
  "frame": {
    "isFocused": true
  },
  "fromEvent": true
}
[08/23/19, 19:21:35:798] info: Store: SET_WINDOW_FRAME 
{
  "id": 1,
  "frame": {
    "isFocused": false
  },
  "fromEvent": true
}
[08/23/19, 19:26:35:205] info: Store: SET_WINDOW_FRAME 
{
  "id": 1,
  "frame": {
    "isFocused": true
  },
  "fromEvent": true
}
[08/23/19, 19:26:36:189] info: Store: SET_WINDOW_FRAME 
{
  "id": 1,
  "frame": {
    "isFocused": false
  },
  "fromEvent": true
}
[08/23/19, 19:26:36:526] info: Store: SET_WINDOW_FRAME 
{
  "id": 1,
  "frame": {
    "isFocused": true
  },
  "fromEvent": true
}
[08/23/19, 19:26:37:676] info: Store: SET_WINDOW_FRAME 
{
  "id": 1,
  "frame": {
    "isFocused": false
  },
  "fromEvent": true
}
[08/23/19, 19:28:15:284] info: Store: SET_WINDOW_FRAME 
{
  "id": 1,
  "frame": {
    "isFocused": true
  },
  "fromEvent": true
}
[08/23/19, 19:28:16:262] info: Store: SET_WINDOW_FRAME 
{
  "id": 1,
  "frame": {
    "isFocused": false
  },
  "fromEvent": true
}
[08/23/19, 19:28:16:262] info: Store: SET_WINDOW_FRAME 
{
  "id": 1,
  "frame": {
    "isFocused": true
  },
  "fromEvent": true
}
[08/23/19, 19:28:16:606] info: Store: SET_WINDOW_FRAME 
{
  "id": 1,
  "frame": {
    "isFocused": false
  },
  "fromEvent": true
}
[08/23/19, 19:29:32:106] info: Store: SET_SYSTEM_IDLE idle_taskbar
[08/23/19, 19:29:52:107] info: Store: SET_SYSTEM_IDLE active
[08/23/19, 19:30:12:116] info: Store: SET_SYSTEM_IDLE idle_taskbar
[08/23/19, 19:39:32:296] info: Store: SET_SYSTEM_IDLE active
[08/23/19, 19:40:24:046] info: Store: SET_WINDOW_FRAME 
{
  "id": 1,
  "frame": {
    "isFocused": true
  },
  "fromEvent": true
}
[08/23/19, 19:40:24:698] info: Store: SET_WINDOW_FRAME 
{
  "id": 1,
  "frame": {
    "isFocused": false
  },
  "fromEvent": true
}
[08/23/19, 19:41:29:466] info: Store: SET_WINDOW_FRAME 
{
  "id": 1,
  "frame": {
    "isFocused": true
  },
  "fromEvent": true
}
[08/23/19, 19:41:30:303] info: Store: SET_WINDOW_FRAME 
{
  "id": 1,
  "frame": {
    "isFocused": false
  },
  "fromEvent": true
}
[08/23/19, 19:44:12:376] info: Store: SET_SYSTEM_IDLE idle_taskbar
[08/23/19, 19:44:52:388] info: Store: SET_SYSTEM_IDLE active
[08/23/19, 19:46:38:461] info: Store: SET_WINDOW_FRAME 
{
  "id": 1,
  "frame": {
    "isFocused": true
  },
  "fromEvent": true
}
[08/23/19, 19:46:39:092] info: Store: SET_WINDOW_FRAME 
{
  "id": 1,
  "frame": {
    "isFocused": false
  },
  "fromEvent": true
}
[08/23/19, 19:58:48:425] info: Store: SET_WINDOW_FRAME 
{
  "id": 1,
  "frame": {
    "isFocused": true
  },
  "fromEvent": true
}
[08/23/19, 19:58:49:693] info: Attempted to close the window while fullscreen, exiting fullscreen 
[08/23/19, 19:58:49:694] info: Store: SET_WINDOW_FRAME 
{
  "id": 1,
  "frame": {
    "isFullScreen": false
  }
}
[08/23/19, 19:58:49:704] info: Store: SET_WINDOW_FRAME 
{
  "id": 1,
  "frame": {
    "isFullScreen": false
  },
  "fromEvent": true
}
[08/23/19, 19:58:49:705] info: Store: SET_WINDOW_FRAME 
{
  "id": 1,
  "frame": {
    "isVisible": false
  },
  "fromEvent": true
}
[08/23/19, 19:58:50:697] info: Store: SET_WINDOW_FRAME 
{
  "id": 1,
  "frame": {
    "bounds": {
      "x": 1476,
      "y": 23,
      "width": 1774,
      "height": 974
    },
    "isMaximized": false
  },
  "fromEvent": true
}
[08/23/19, 19:58:50:697] info: Store: SET_WINDOW_FRAME 
{
  "id": 1,
  "frame": {
    "bounds": {
      "x": 1476,
      "y": 23,
      "width": 1774,
      "height": 974
    },
    "isMaximized": false
  },
  "fromEvent": true
}
[08/23/19, 19:58:50:762] info: Store: UPDATE_SETTINGS 
{
  "mainWindowSettings": {
    "fullScreen": false,
    "maximized": false,
    "bounds": {
      "x": 1476,
      "y": 23,
      "width": 1774,
      "height": 974
    }
  }
}
